[   25962ms] [LOG] [HMR] connected @ http://localhost:3000/_next/static/chunks/0yxc_next_dist_0pl2blc._.js:2431
[   57352ms] [INFO] %cDownload the React DevTools for a better development experience: https://react.dev/link/react-devtools font-weight:bold @ http://localhost:3000/_next/static/chunks/0yxc_next_dist_0pl2blc._.js:2431
[   57461ms] [LOG] [HMR] connected @ http://localhost:3000/_next/static/chunks/0yxc_next_dist_0pl2blc._.js:2431
[   58356ms] [WARNING] GSAP target .hero-eyebrow not found. https://gsap.com @ http://localhost:3000/_next/static/chunks/0yxc_next_dist_0pl2blc._.js:2431
[   58358ms] [WARNING] GSAP target  not found. https://gsap.com @ http://localhost:3000/_next/static/chunks/0yxc_next_dist_0pl2blc._.js:2431
[   58375ms] [WARNING] GSAP target .hero-meta not found. https://gsap.com @ http://localhost:3000/_next/static/chunks/0yxc_next_dist_0pl2blc._.js:2431
[   58379ms] [WARNING] GSAP target  not found. https://gsap.com @ http://localhost:3000/_next/static/chunks/0yxc_next_dist_0pl2blc._.js:2431
[   58382ms] [WARNING] GSAP target .hero-stamp not found. https://gsap.com @ http://localhost:3000/_next/static/chunks/0yxc_next_dist_0pl2blc._.js:2431
[   58384ms] [WARNING] GSAP target  not found. https://gsap.com @ http://localhost:3000/_next/static/chunks/0yxc_next_dist_0pl2blc._.js:2431
[   58789ms] [LOG] [Fast Refresh] rebuilding @ http://localhost:3000/_next/static/chunks/0yxc_next_dist_0pl2blc._.js:2431
[   58922ms] [LOG] [Fast Refresh] done in 233ms @ http://localhost:3000/_next/static/chunks/0yxc_next_dist_0pl2blc._.js:2431
[   59237ms] [LOG] [Fast Refresh] rebuilding @ http://localhost:3000/_next/static/chunks/0yxc_next_dist_0pl2blc._.js:2431
[   59787ms] [LOG] [Fast Refresh] done in 862ms @ http://localhost:3000/_next/static/chunks/0yxc_next_dist_0pl2blc._.js:2431
[   59901ms] [LOG] [Fast Refresh] rebuilding @ http://localhost:3000/_next/static/chunks/0yxc_next_dist_0pl2blc._.js:2431
[   62851ms] [LOG] [Fast Refresh] done in 3064ms @ http://localhost:3000/_next/static/chunks/0yxc_next_dist_0pl2blc._.js:2431
[   62954ms] [LOG] [Fast Refresh] rebuilding @ http://localhost:3000/_next/static/chunks/0yxc_next_dist_0pl2blc._.js:2431
[   63454ms] [LOG] [Fast Refresh] done in 600ms @ http://localhost:3000/_next/static/chunks/0yxc_next_dist_0pl2blc._.js:2431
[   63575ms] [LOG] [Fast Refresh] rebuilding @ http://localhost:3000/_next/static/chunks/0yxc_next_dist_0pl2blc._.js:2431
[   64345ms] [LOG] [Fast Refresh] done in 871ms @ http://localhost:3000/_next/static/chunks/0yxc_next_dist_0pl2blc._.js:2431
[   90113ms] [LOG] [Fast Refresh] rebuilding @ http://localhost:3000/_next/static/chunks/0yxc_next_dist_0pl2blc._.js:2431
[   91626ms] [LOG] [Fast Refresh] done in 1620ms @ http://localhost:3000/_next/static/chunks/0yxc_next_dist_0pl2blc._.js:2431
[  107662ms] [LOG] [Fast Refresh] rebuilding @ http://localhost:3000/_next/static/chunks/0yxc_next_dist_0pl2blc._.js:2431
[  109429ms] [LOG] [Fast Refresh] done in 1917ms @ http://localhost:3000/_next/static/chunks/0yxc_next_dist_0pl2blc._.js:2431
[  109641ms] [LOG] [Fast Refresh] rebuilding @ http://localhost:3000/_next/static/chunks/0yxc_next_dist_0pl2blc._.js:2431
[  109673ms] [LOG] [Fast Refresh] done in 147ms @ http://localhost:3000/_next/static/chunks/0yxc_next_dist_0pl2blc._.js:2431
[  125668ms] [LOG] [Fast Refresh] rebuilding @ http://localhost:3000/_next/static/chunks/0yxc_next_dist_0pl2blc._.js:2431
[  127696ms] [LOG] [Fast Refresh] done in 2132ms @ http://localhost:3000/_next/static/chunks/0yxc_next_dist_0pl2blc._.js:2431
[  127881ms] [LOG] [Fast Refresh] rebuilding @ http://localhost:3000/_next/static/chunks/0yxc_next_dist_0pl2blc._.js:2431
[  135400ms] [LOG] [Fast Refresh] done in 7660ms @ http://localhost:3000/_next/static/chunks/0yxc_next_dist_0pl2blc._.js:2431
[  135550ms] [LOG] [Fast Refresh] rebuilding @ http://localhost:3000/_next/static/chunks/0yxc_next_dist_0pl2blc._.js:2431
[  140671ms] [LOG] [Fast Refresh] done in 5246ms @ http://localhost:3000/_next/static/chunks/0yxc_next_dist_0pl2blc._.js:2431
[  162996ms] [LOG] [Fast Refresh] rebuilding @ http://localhost:3000/_next/static/chunks/0yxc_next_dist_0pl2blc._.js:2431
[  162998ms] [LOG] [Fast Refresh] done in 110ms @ http://localhost:3000/_next/static/chunks/0yxc_next_dist_0pl2blc._.js:2431
[  201794ms] [LOG] [Fast Refresh] rebuilding @ http://localhost:3000/_next/static/chunks/0yxc_next_dist_0pl2blc._.js:2431
[  201797ms] [LOG] [Fast Refresh] done in 102ms @ http://localhost:3000/_next/static/chunks/0yxc_next_dist_0pl2blc._.js:2431
[  214345ms] [LOG] [Fast Refresh] rebuilding @ http://localhost:3000/_next/static/chunks/0yxc_next_dist_0pl2blc._.js:2431
[  214580ms] [LOG] [Fast Refresh] done in 336ms @ http://localhost:3000/_next/static/chunks/0yxc_next_dist_0pl2blc._.js:2431
[  214776ms] [LOG] [Fast Refresh] rebuilding @ http://localhost:3000/_next/static/chunks/0yxc_next_dist_0pl2blc._.js:2431
[  214800ms] [LOG] [Fast Refresh] done in 126ms @ http://localhost:3000/_next/static/chunks/0yxc_next_dist_0pl2blc._.js:2431
[  265846ms] [LOG] [Fast Refresh] rebuilding @ http://localhost:3000/_next/static/chunks/0yxc_next_dist_0pl2blc._.js:2431
[  265939ms] [LOG] [Fast Refresh] done in 200ms @ http://localhost:3000/_next/static/chunks/0yxc_next_dist_0pl2blc._.js:2431
[  369715ms] [LOG] [Fast Refresh] rebuilding @ http://localhost:3000/_next/static/chunks/0yxc_next_dist_0pl2blc._.js:2431
[  374320ms] [LOG] [Fast Refresh] done in 4674ms @ http://localhost:3000/_next/static/chunks/0yxc_next_dist_0pl2blc._.js:2431
[  389126ms] [LOG] [Fast Refresh] rebuilding @ http://localhost:3000/_next/static/chunks/0yxc_next_dist_0pl2blc._.js:2431
[  390547ms] [LOG] [Fast Refresh] done in 1433ms @ http://localhost:3000/_next/static/chunks/0yxc_next_dist_0pl2blc._.js:2431
[  391535ms] [LOG] [Fast Refresh] rebuilding @ http://localhost:3000/_next/static/chunks/0yxc_next_dist_0pl2blc._.js:2431
[  391900ms] [LOG] [Fast Refresh] done in 467ms @ http://localhost:3000/_next/static/chunks/0yxc_next_dist_0pl2blc._.js:2431
[  398560ms] [LOG] [Fast Refresh] rebuilding @ http://localhost:3000/_next/static/chunks/0yxc_next_dist_0pl2blc._.js:2431
[  398731ms] [LOG] [Fast Refresh] done in 278ms @ http://localhost:3000/_next/static/chunks/0yxc_next_dist_0pl2blc._.js:2431
[  398844ms] [LOG] [Fast Refresh] rebuilding @ http://localhost:3000/_next/static/chunks/0yxc_next_dist_0pl2blc._.js:2431
[  399301ms] [LOG] [Fast Refresh] done in 564ms @ http://localhost:3000/_next/static/chunks/0yxc_next_dist_0pl2blc._.js:2431
[  399784ms] [LOG] [Fast Refresh] rebuilding @ http://localhost:3000/_next/static/chunks/0yxc_next_dist_0pl2blc._.js:2431
[  400052ms] [LOG] [Fast Refresh] done in 369ms @ http://localhost:3000/_next/static/chunks/0yxc_next_dist_0pl2blc._.js:2431
[  402597ms] [LOG] [Fast Refresh] rebuilding @ http://localhost:3000/_next/static/chunks/0yxc_next_dist_0pl2blc._.js:2431
[  405885ms] [LOG] [Fast Refresh] done in 3344ms @ http://localhost:3000/_next/static/chunks/0yxc_next_dist_0pl2blc._.js:2431
[  419991ms] [LOG] [Fast Refresh] rebuilding @ http://localhost:3000/_next/static/chunks/0yxc_next_dist_0pl2blc._.js:2431
[  421365ms] [LOG] [Fast Refresh] done in 1413ms @ http://localhost:3000/_next/static/chunks/0yxc_next_dist_0pl2blc._.js:2431
[  422759ms] [LOG] [Fast Refresh] rebuilding @ http://localhost:3000/_next/static/chunks/0yxc_next_dist_0pl2blc._.js:2431
[  424792ms] [LOG] [Fast Refresh] done in 2026ms @ http://localhost:3000/_next/static/chunks/0yxc_next_dist_0pl2blc._.js:2431
[  425091ms] [LOG] [Fast Refresh] rebuilding @ http://localhost:3000/_next/static/chunks/0yxc_next_dist_0pl2blc._.js:2431
[  426646ms] [LOG] [Fast Refresh] done in 1598ms @ http://localhost:3000/_next/static/chunks/0yxc_next_dist_0pl2blc._.js:2431
[  434222ms] [LOG] [Fast Refresh] rebuilding @ http://localhost:3000/_next/static/chunks/0yxc_next_dist_0pl2blc._.js:2431
[  435693ms] [LOG] [Fast Refresh] done in 1535ms @ http://localhost:3000/_next/static/chunks/0yxc_next_dist_0pl2blc._.js:2431
[  435856ms] [LOG] [Fast Refresh] rebuilding @ http://localhost:3000/_next/static/chunks/0yxc_next_dist_0pl2blc._.js:2431
[  436859ms] [LOG] [Fast Refresh] done in 1113ms @ http://localhost:3000/_next/static/chunks/0yxc_next_dist_0pl2blc._.js:2431
[  437133ms] [LOG] [Fast Refresh] rebuilding @ http://localhost:3000/_next/static/chunks/0yxc_next_dist_0pl2blc._.js:2431
[  437390ms] [LOG] [Fast Refresh] done in 378ms @ http://localhost:3000/_next/static/chunks/0yxc_next_dist_0pl2blc._.js:2431
[  438046ms] [LOG] [Fast Refresh] rebuilding @ http://localhost:3000/_next/static/chunks/0yxc_next_dist_0pl2blc._.js:2431
[  438078ms] [LOG] [Fast Refresh] done in 137ms @ http://localhost:3000/_next/static/chunks/0yxc_next_dist_0pl2blc._.js:2431
[  444333ms] [LOG] [Fast Refresh] rebuilding @ http://localhost:3000/_next/static/chunks/0yxc_next_dist_0pl2blc._.js:2431
[  444345ms] [LOG] [Fast Refresh] done in 118ms @ http://localhost:3000/_next/static/chunks/0yxc_next_dist_0pl2blc._.js:2431
[  466547ms] [LOG] [Fast Refresh] rebuilding @ http://localhost:3000/_next/static/chunks/0yxc_next_dist_0pl2blc._.js:2431
[  477235ms] [LOG] [Fast Refresh] done in 10647ms @ http://localhost:3000/_next/static/chunks/0yxc_next_dist_0pl2blc._.js:2431
[  477564ms] [LOG] [Fast Refresh] rebuilding @ http://localhost:3000/_next/static/chunks/0yxc_next_dist_0pl2blc._.js:2431
[  477567ms] [LOG] [Fast Refresh] done in 117ms @ http://localhost:3000/_next/static/chunks/0yxc_next_dist_0pl2blc._.js:2431
[  479849ms] [LOG] [Fast Refresh] rebuilding @ http://localhost:3000/_next/static/chunks/0yxc_next_dist_0pl2blc._.js:2431
[  481689ms] [LOG] [Fast Refresh] done in 1952ms @ http://localhost:3000/_next/static/chunks/0yxc_next_dist_0pl2blc._.js:2431
[  482000ms] [LOG] [Fast Refresh] rebuilding @ http://localhost:3000/_next/static/chunks/0yxc_next_dist_0pl2blc._.js:2431
[  482067ms] [LOG] [Fast Refresh] done in 168ms @ http://localhost:3000/_next/static/chunks/0yxc_next_dist_0pl2blc._.js:2431
[  482338ms] [LOG] [Fast Refresh] rebuilding @ http://localhost:3000/_next/static/chunks/0yxc_next_dist_0pl2blc._.js:2431
[  482436ms] [LOG] [Fast Refresh] done in 202ms @ http://localhost:3000/_next/static/chunks/0yxc_next_dist_0pl2blc._.js:2431
[  489569ms] [LOG] [Fast Refresh] rebuilding @ http://localhost:3000/_next/static/chunks/0yxc_next_dist_0pl2blc._.js:2431
[  491709ms] [LOG] [Fast Refresh] done in 2016ms @ http://localhost:3000/_next/static/chunks/0yxc_next_dist_0pl2blc._.js:2431
[  505481ms] [LOG] [Fast Refresh] rebuilding @ http://localhost:3000/_next/static/chunks/0yxc_next_dist_0pl2blc._.js:2431
[  505549ms] [LOG] [Fast Refresh] done in 168ms @ http://localhost:3000/_next/static/chunks/0yxc_next_dist_0pl2blc._.js:2431
[  512322ms] [LOG] [Fast Refresh] rebuilding @ http://localhost:3000/_next/static/chunks/0yxc_next_dist_0pl2blc._.js:2431
[  512366ms] [LOG] [Fast Refresh] done in 151ms @ http://localhost:3000/_next/static/chunks/0yxc_next_dist_0pl2blc._.js:2431
[  519609ms] [LOG] [Fast Refresh] rebuilding @ http://localhost:3000/_next/static/chunks/0yxc_next_dist_0pl2blc._.js:2431
[  521173ms] [LOG] [Fast Refresh] done in 1675ms @ http://localhost:3000/_next/static/chunks/0yxc_next_dist_0pl2blc._.js:2431
[  555211ms] [LOG] [Fast Refresh] rebuilding @ http://localhost:3000/_next/static/chunks/0yxc_next_dist_0pl2blc._.js:2431
[  555573ms] [LOG] [Fast Refresh] done in 467ms @ http://localhost:3000/_next/static/chunks/0yxc_next_dist_0pl2blc._.js:2431
[  562999ms] [LOG] [Fast Refresh] rebuilding @ http://localhost:3000/_next/static/chunks/0yxc_next_dist_0pl2blc._.js:2431
[  563058ms] [LOG] [Fast Refresh] done in 169ms @ http://localhost:3000/_next/static/chunks/0yxc_next_dist_0pl2blc._.js:2431
[  563752ms] [LOG] [Fast Refresh] rebuilding @ http://localhost:3000/_next/static/chunks/0yxc_next_dist_0pl2blc._.js:2431
[  563774ms] [LOG] [Fast Refresh] done in 134ms @ http://localhost:3000/_next/static/chunks/0yxc_next_dist_0pl2blc._.js:2431
[  563903ms] [LOG] [Fast Refresh] rebuilding @ http://localhost:3000/_next/static/chunks/0yxc_next_dist_0pl2blc._.js:2431
[  564122ms] [LOG] [Fast Refresh] done in 336ms @ http://localhost:3000/_next/static/chunks/0yxc_next_dist_0pl2blc._.js:2431
[  564226ms] [LOG] [Fast Refresh] rebuilding @ http://localhost:3000/_next/static/chunks/0yxc_next_dist_0pl2blc._.js:2431
[  564294ms] [LOG] [Fast Refresh] done in 168ms @ http://localhost:3000/_next/static/chunks/0yxc_next_dist_0pl2blc._.js:2431
[  564400ms] [LOG] [Fast Refresh] rebuilding @ http://localhost:3000/_next/static/chunks/0yxc_next_dist_0pl2blc._.js:2431
[  564454ms] [LOG] [Fast Refresh] done in 155ms @ http://localhost:3000/_next/static/chunks/0yxc_next_dist_0pl2blc._.js:2431
[  671681ms] [LOG] [Fast Refresh] rebuilding @ http://localhost:3000/_next/static/chunks/0yxc_next_dist_0pl2blc._.js:2431
[  671700ms] [LOG] [Fast Refresh] done in 121ms @ http://localhost:3000/_next/static/chunks/0yxc_next_dist_0pl2blc._.js:2431
[  671831ms] [LOG] [Fast Refresh] rebuilding @ http://localhost:3000/_next/static/chunks/0yxc_next_dist_0pl2blc._.js:2431
[  671866ms] [LOG] [Fast Refresh] done in 146ms @ http://localhost:3000/_next/static/chunks/0yxc_next_dist_0pl2blc._.js:2431
[  672042ms] [LOG] [Fast Refresh] rebuilding @ http://localhost:3000/_next/static/chunks/0yxc_next_dist_0pl2blc._.js:2431
[  672123ms] [LOG] [Fast Refresh] done in 189ms @ http://localhost:3000/_next/static/chunks/0yxc_next_dist_0pl2blc._.js:2431
[  672467ms] [LOG] [Fast Refresh] rebuilding @ http://localhost:3000/_next/static/chunks/0yxc_next_dist_0pl2blc._.js:2431
[  672470ms] [LOG] [Fast Refresh] done in 112ms @ http://localhost:3000/_next/static/chunks/0yxc_next_dist_0pl2blc._.js:2431
[  672736ms] [LOG] [Fast Refresh] rebuilding @ http://localhost:3000/_next/static/chunks/0yxc_next_dist_0pl2blc._.js:2431
[  672792ms] [LOG] [Fast Refresh] done in 156ms @ http://localhost:3000/_next/static/chunks/0yxc_next_dist_0pl2blc._.js:2431
[  678902ms] [LOG] [Fast Refresh] rebuilding @ http://localhost:3000/_next/static/chunks/0yxc_next_dist_0pl2blc._.js:2431
[  679140ms] [LOG] [Fast Refresh] done in 351ms @ http://localhost:3000/_next/static/chunks/0yxc_next_dist_0pl2blc._.js:2431
[  818176ms] [LOG] [Fast Refresh] rebuilding @ http://localhost:3000/_next/static/chunks/0yxc_next_dist_0pl2blc._.js:2431
[  818437ms] [LOG] [Fast Refresh] done in 369ms @ http://localhost:3000/_next/static/chunks/0yxc_next_dist_0pl2blc._.js:2431
[  818892ms] [LOG] [Fast Refresh] rebuilding @ http://localhost:3000/_next/static/chunks/0yxc_next_dist_0pl2blc._.js:2431
[  819016ms] [LOG] [Fast Refresh] done in 235ms @ http://localhost:3000/_next/static/chunks/0yxc_next_dist_0pl2blc._.js:2431
[  914977ms] [LOG] [Fast Refresh] rebuilding @ http://localhost:3000/_next/static/chunks/0yxc_next_dist_0pl2blc._.js:2431
[  915018ms] [LOG] [Fast Refresh] done in 152ms @ http://localhost:3000/_next/static/chunks/0yxc_next_dist_0pl2blc._.js:2431
[  915415ms] [LOG] [Fast Refresh] rebuilding @ http://localhost:3000/_next/static/chunks/0yxc_next_dist_0pl2blc._.js:2431
[  915699ms] [LOG] [Fast Refresh] done in 383ms @ http://localhost:3000/_next/static/chunks/0yxc_next_dist_0pl2blc._.js:2431
[  919316ms] [LOG] [Fast Refresh] rebuilding @ http://localhost:3000/_next/static/chunks/0yxc_next_dist_0pl2blc._.js:2431
[  919346ms] [LOG] [Fast Refresh] done in 134ms @ http://localhost:3000/_next/static/chunks/0yxc_next_dist_0pl2blc._.js:2431
[ 1049185ms] [LOG] [Fast Refresh] rebuilding @ http://localhost:3000/_next/static/chunks/0yxc_next_dist_0pl2blc._.js:2431
[ 1049186ms] [LOG] [Fast Refresh] done in 105ms @ http://localhost:3000/_next/static/chunks/0yxc_next_dist_0pl2blc._.js:2431
[ 1051917ms] [LOG] [Fast Refresh] rebuilding @ http://localhost:3000/_next/static/chunks/0yxc_next_dist_0pl2blc._.js:2431
[ 1052008ms] [LOG] [Fast Refresh] done in 196ms @ http://localhost:3000/_next/static/chunks/0yxc_next_dist_0pl2blc._.js:2431
[ 1053652ms] [LOG] [Fast Refresh] rebuilding @ http://localhost:3000/_next/static/chunks/0yxc_next_dist_0pl2blc._.js:2431
[ 1053805ms] [LOG] [Fast Refresh] done in 268ms @ http://localhost:3000/_next/static/chunks/0yxc_next_dist_0pl2blc._.js:2431
[ 1054269ms] [LOG] [Fast Refresh] rebuilding @ http://localhost:3000/_next/static/chunks/0yxc_next_dist_0pl2blc._.js:2431
[ 1054273ms] [LOG] [Fast Refresh] done in 116ms @ http://localhost:3000/_next/static/chunks/0yxc_next_dist_0pl2blc._.js:2431
[ 1062866ms] [LOG] [Fast Refresh] rebuilding @ http://localhost:3000/_next/static/chunks/0yxc_next_dist_0pl2blc._.js:2431
[ 1063088ms] [LOG] [Fast Refresh] done in 338ms @ http://localhost:3000/_next/static/chunks/0yxc_next_dist_0pl2blc._.js:2431
[ 1279841ms] [LOG] [Fast Refresh] rebuilding @ http://localhost:3000/_next/static/chunks/0yxc_next_dist_0pl2blc._.js:2431
[ 1279857ms] [LOG] [Fast Refresh] done in 118ms @ http://localhost:3000/_next/static/chunks/0yxc_next_dist_0pl2blc._.js:2431
[ 1315219ms] [LOG] [Fast Refresh] rebuilding @ http://localhost:3000/_next/static/chunks/0yxc_next_dist_0pl2blc._.js:2431
[ 1315287ms] [LOG] [Fast Refresh] done in 170ms @ http://localhost:3000/_next/static/chunks/0yxc_next_dist_0pl2blc._.js:2431
[ 1315559ms] [LOG] [Fast Refresh] rebuilding @ http://localhost:3000/_next/static/chunks/0yxc_next_dist_0pl2blc._.js:2431
[ 1315631ms] [LOG] [Fast Refresh] done in 178ms @ http://localhost:3000/_next/static/chunks/0yxc_next_dist_0pl2blc._.js:2431
[ 1315742ms] [LOG] [Fast Refresh] rebuilding @ http://localhost:3000/_next/static/chunks/0yxc_next_dist_0pl2blc._.js:2431
[ 1315832ms] [LOG] [Fast Refresh] done in 199ms @ http://localhost:3000/_next/static/chunks/0yxc_next_dist_0pl2blc._.js:2431
[ 1342192ms] [LOG] [Fast Refresh] rebuilding @ http://localhost:3000/_next/static/chunks/0yxc_next_dist_0pl2blc._.js:2431
[ 1342229ms] [LOG] [Fast Refresh] done in 137ms @ http://localhost:3000/_next/static/chunks/0yxc_next_dist_0pl2blc._.js:2431
[ 1346187ms] [LOG] [Fast Refresh] rebuilding @ http://localhost:3000/_next/static/chunks/0yxc_next_dist_0pl2blc._.js:2431
[ 1346189ms] [LOG] [Fast Refresh] done in 108ms @ http://localhost:3000/_next/static/chunks/0yxc_next_dist_0pl2blc._.js:2431
[ 1397361ms] [LOG] [Fast Refresh] rebuilding @ http://localhost:3000/_next/static/chunks/0yxc_next_dist_0pl2blc._.js:2431
[ 1398036ms] [LOG] [Fast Refresh] done in 737ms @ http://localhost:3000/_next/static/chunks/0yxc_next_dist_0pl2blc._.js:2431
[ 1407227ms] [LOG] [Fast Refresh] rebuilding @ http://localhost:3000/_next/static/chunks/0yxc_next_dist_0pl2blc._.js:2431
[ 1407245ms] [LOG] [Fast Refresh] done in 126ms @ http://localhost:3000/_next/static/chunks/0yxc_next_dist_0pl2blc._.js:2431
[ 1421900ms] [LOG] [Fast Refresh] rebuilding @ http://localhost:3000/_next/static/chunks/0yxc_next_dist_0pl2blc._.js:2431
[ 1424230ms] [LOG] [Fast Refresh] done in 2431ms @ http://localhost:3000/_next/static/chunks/0yxc_next_dist_0pl2blc._.js:2431
[ 1425542ms] [LOG] [Fast Refresh] rebuilding @ http://localhost:3000/_next/static/chunks/0yxc_next_dist_0pl2blc._.js:2431
[ 1425650ms] [LOG] [Fast Refresh] done in 215ms @ http://localhost:3000/_next/static/chunks/0yxc_next_dist_0pl2blc._.js:2431
[ 1425784ms] [LOG] [Fast Refresh] rebuilding @ http://localhost:3000/_next/static/chunks/0yxc_next_dist_0pl2blc._.js:2431
[ 1427467ms] [LOG] [Fast Refresh] done in 1817ms @ http://localhost:3000/_next/static/chunks/0yxc_next_dist_0pl2blc._.js:2431
[ 1428075ms] [LOG] [Fast Refresh] rebuilding @ http://localhost:3000/_next/static/chunks/0yxc_next_dist_0pl2blc._.js:2431
[ 1428097ms] [LOG] [Fast Refresh] done in 123ms @ http://localhost:3000/_next/static/chunks/0yxc_next_dist_0pl2blc._.js:2431
[ 1509966ms] [LOG] [Fast Refresh] rebuilding @ http://localhost:3000/_next/static/chunks/0yxc_next_dist_0pl2blc._.js:2431
[ 1509988ms] [LOG] [Fast Refresh] done in 137ms @ http://localhost:3000/_next/static/chunks/0yxc_next_dist_0pl2blc._.js:2431
[ 1510153ms] [LOG] [Fast Refresh] rebuilding @ http://localhost:3000/_next/static/chunks/0yxc_next_dist_0pl2blc._.js:2431
[ 1510285ms] [LOG] [Fast Refresh] done in 246ms @ http://localhost:3000/_next/static/chunks/0yxc_next_dist_0pl2blc._.js:2431
[ 1510579ms] [LOG] [Fast Refresh] rebuilding @ http://localhost:3000/_next/static/chunks/0yxc_next_dist_0pl2blc._.js:2431
[ 1510621ms] [LOG] [Fast Refresh] done in 151ms @ http://localhost:3000/_next/static/chunks/0yxc_next_dist_0pl2blc._.js:2431
[ 1510846ms] [LOG] [Fast Refresh] rebuilding @ http://localhost:3000/_next/static/chunks/0yxc_next_dist_0pl2blc._.js:2431
[ 1510987ms] [LOG] [Fast Refresh] done in 247ms @ http://localhost:3000/_next/static/chunks/0yxc_next_dist_0pl2blc._.js:2431
[ 1512329ms] [LOG] [Fast Refresh] rebuilding @ http://localhost:3000/_next/static/chunks/0yxc_next_dist_0pl2blc._.js:2431
[ 1513402ms] [LOG] [Fast Refresh] done in 1174ms @ http://localhost:3000/_next/static/chunks/0yxc_next_dist_0pl2blc._.js:2431
[ 1513685ms] [LOG] [Fast Refresh] rebuilding @ http://localhost:3000/_next/static/chunks/0yxc_next_dist_0pl2blc._.js:2431
[ 1514521ms] [LOG] [Fast Refresh] done in 945ms @ http://localhost:3000/_next/static/chunks/0yxc_next_dist_0pl2blc._.js:2431
[ 1514651ms] [LOG] [Fast Refresh] rebuilding @ http://localhost:3000/_next/static/chunks/0yxc_next_dist_0pl2blc._.js:2431
[ 1514769ms] [LOG] [Fast Refresh] done in 247ms @ http://localhost:3000/_next/static/chunks/0yxc_next_dist_0pl2blc._.js:2431
[ 1515248ms] [LOG] [Fast Refresh] rebuilding @ http://localhost:3000/_next/static/chunks/0yxc_next_dist_0pl2blc._.js:2431
[ 1515270ms] [LOG] [Fast Refresh] done in 122ms @ http://localhost:3000/_next/static/chunks/0yxc_next_dist_0pl2blc._.js:2431
[ 1598095ms] [LOG] [Fast Refresh] rebuilding @ http://localhost:3000/_next/static/chunks/0yxc_next_dist_0pl2blc._.js:2431
[ 1598802ms] [LOG] [Fast Refresh] done in 813ms @ http://localhost:3000/_next/static/chunks/0yxc_next_dist_0pl2blc._.js:2431
[ 1648241ms] [LOG] [Fast Refresh] rebuilding @ http://localhost:3000/_next/static/chunks/0yxc_next_dist_0pl2blc._.js:2431
[ 1648514ms] [LOG] [Fast Refresh] done in 378ms @ http://localhost:3000/_next/static/chunks/0yxc_next_dist_0pl2blc._.js:2431
[ 1648663ms] [LOG] [Fast Refresh] rebuilding @ http://localhost:3000/_next/static/chunks/0yxc_next_dist_0pl2blc._.js:2431
[ 1648830ms] [LOG] [Fast Refresh] done in 269ms @ http://localhost:3000/_next/static/chunks/0yxc_next_dist_0pl2blc._.js:2431
[ 1649024ms] [LOG] [Fast Refresh] rebuilding @ http://localhost:3000/_next/static/chunks/0yxc_next_dist_0pl2blc._.js:2431
[ 1649116ms] [LOG] [Fast Refresh] done in 200ms @ http://localhost:3000/_next/static/chunks/0yxc_next_dist_0pl2blc._.js:2431
[ 1649557ms] [LOG] [Fast Refresh] rebuilding @ http://localhost:3000/_next/static/chunks/0yxc_next_dist_0pl2blc._.js:2431
[ 1649627ms] [LOG] [Fast Refresh] done in 182ms @ http://localhost:3000/_next/static/chunks/0yxc_next_dist_0pl2blc._.js:2431
[ 1750121ms] [LOG] [Fast Refresh] rebuilding @ http://localhost:3000/_next/static/chunks/0yxc_next_dist_0pl2blc._.js:2431
[ 1750129ms] [LOG] [Fast Refresh] done in 115ms @ http://localhost:3000/_next/static/chunks/0yxc_next_dist_0pl2blc._.js:2431
[ 1768206ms] [LOG] [Fast Refresh] rebuilding @ http://localhost:3000/_next/static/chunks/0yxc_next_dist_0pl2blc._.js:2431
[ 1768241ms] [LOG] [Fast Refresh] done in 150ms @ http://localhost:3000/_next/static/chunks/0yxc_next_dist_0pl2blc._.js:2431
[ 1768430ms] [LOG] [Fast Refresh] rebuilding @ http://localhost:3000/_next/static/chunks/0yxc_next_dist_0pl2blc._.js:2431
[ 1768512ms] [LOG] [Fast Refresh] done in 184ms @ http://localhost:3000/_next/static/chunks/0yxc_next_dist_0pl2blc._.js:2431
[ 1770754ms] [LOG] [Fast Refresh] rebuilding @ http://localhost:3000/_next/static/chunks/0yxc_next_dist_0pl2blc._.js:2431
[ 1771709ms] [LOG] [Fast Refresh] done in 1056ms @ http://localhost:3000/_next/static/chunks/0yxc_next_dist_0pl2blc._.js:2431
[ 1794092ms] [LOG] [Fast Refresh] rebuilding @ http://localhost:3000/_next/static/chunks/0yxc_next_dist_0pl2blc._.js:2431
[ 1795790ms] [LOG] [Fast Refresh] done in 1803ms @ http://localhost:3000/_next/static/chunks/0yxc_next_dist_0pl2blc._.js:2431
[ 1796535ms] [LOG] [Fast Refresh] rebuilding @ http://localhost:3000/_next/static/chunks/0yxc_next_dist_0pl2blc._.js:2431
[ 1797243ms] [LOG] [Fast Refresh] done in 852ms @ http://localhost:3000/_next/static/chunks/0yxc_next_dist_0pl2blc._.js:2431
[ 2013361ms] [LOG] [Fast Refresh] rebuilding @ http://localhost:3000/_next/static/chunks/0yxc_next_dist_0pl2blc._.js:2431
[ 2014341ms] [LOG] [Fast Refresh] done in 1091ms @ http://localhost:3000/_next/static/chunks/0yxc_next_dist_0pl2blc._.js:2431
[ 2139307ms] [LOG] [Fast Refresh] rebuilding @ http://localhost:3000/_next/static/chunks/0yxc_next_dist_0pl2blc._.js:2431
[ 2139326ms] [LOG] [Fast Refresh] done in 123ms @ http://localhost:3000/_next/static/chunks/0yxc_next_dist_0pl2blc._.js:2431
[ 2143256ms] [LOG] [Fast Refresh] rebuilding @ http://localhost:3000/_next/static/chunks/0yxc_next_dist_0pl2blc._.js:2431
[ 2143308ms] [LOG] [Fast Refresh] done in 158ms @ http://localhost:3000/_next/static/chunks/0yxc_next_dist_0pl2blc._.js:2431
[ 2145674ms] [LOG] [Fast Refresh] rebuilding @ http://localhost:3000/_next/static/chunks/0yxc_next_dist_0pl2blc._.js:2431
[ 2146823ms] [LOG] [Fast Refresh] done in 1257ms @ http://localhost:3000/_next/static/chunks/0yxc_next_dist_0pl2blc._.js:2431
[ 2147101ms] [LOG] [Fast Refresh] rebuilding @ http://localhost:3000/_next/static/chunks/0yxc_next_dist_0pl2blc._.js:2431
[ 2147134ms] [LOG] [Fast Refresh] done in 136ms @ http://localhost:3000/_next/static/chunks/0yxc_next_dist_0pl2blc._.js:2431
[ 2147309ms] [LOG] [Fast Refresh] rebuilding @ http://localhost:3000/_next/static/chunks/0yxc_next_dist_0pl2blc._.js:2431
[ 2147327ms] [LOG] [Fast Refresh] done in 121ms @ http://localhost:3000/_next/static/chunks/0yxc_next_dist_0pl2blc._.js:2431
[ 2149264ms] [LOG] [Fast Refresh] rebuilding @ http://localhost:3000/_next/static/chunks/0yxc_next_dist_0pl2blc._.js:2431
[ 2149297ms] [LOG] [Fast Refresh] done in 135ms @ http://localhost:3000/_next/static/chunks/0yxc_next_dist_0pl2blc._.js:2431
[ 2249989ms] [LOG] [Fast Refresh] rebuilding @ http://localhost:3000/_next/static/chunks/0yxc_next_dist_0pl2blc._.js:2431
[ 2250000ms] [LOG] [Fast Refresh] done in 114ms @ http://localhost:3000/_next/static/chunks/0yxc_next_dist_0pl2blc._.js:2431
[ 2362486ms] [LOG] [Fast Refresh] rebuilding @ http://localhost:3000/_next/static/chunks/0yxc_next_dist_0pl2blc._.js:2431
[ 2362492ms] [LOG] [Fast Refresh] done in 118ms @ http://localhost:3000/_next/static/chunks/0yxc_next_dist_0pl2blc._.js:2431
[ 2367562ms] [LOG] [Fast Refresh] rebuilding @ http://localhost:3000/_next/static/chunks/0yxc_next_dist_0pl2blc._.js:2431
[ 2369181ms] [LOG] [Fast Refresh] done in 1723ms @ http://localhost:3000/_next/static/chunks/0yxc_next_dist_0pl2blc._.js:2431
[ 2373876ms] [LOG] [Fast Refresh] rebuilding @ http://localhost:3000/_next/static/chunks/0yxc_next_dist_0pl2blc._.js:2431
[ 2374089ms] [LOG] [Fast Refresh] done in 324ms @ http://localhost:3000/_next/static/chunks/0yxc_next_dist_0pl2blc._.js:2431
[ 2374204ms] [LOG] [Fast Refresh] rebuilding @ http://localhost:3000/_next/static/chunks/0yxc_next_dist_0pl2blc._.js:2431
[ 2374406ms] [LOG] [Fast Refresh] done in 315ms @ http://localhost:3000/_next/static/chunks/0yxc_next_dist_0pl2blc._.js:2431
[ 2374564ms] [LOG] [Fast Refresh] rebuilding @ http://localhost:3000/_next/static/chunks/0yxc_next_dist_0pl2blc._.js:2431
[ 2374871ms] [LOG] [Fast Refresh] done in 412ms @ http://localhost:3000/_next/static/chunks/0yxc_next_dist_0pl2blc._.js:2431
[ 2375170ms] [LOG] [Fast Refresh] rebuilding @ http://localhost:3000/_next/static/chunks/0yxc_next_dist_0pl2blc._.js:2431
[ 2375171ms] [LOG] [Fast Refresh] done in 118ms @ http://localhost:3000/_next/static/chunks/0yxc_next_dist_0pl2blc._.js:2431
[ 2375453ms] [LOG] [Fast Refresh] rebuilding @ http://localhost:3000/_next/static/chunks/0yxc_next_dist_0pl2blc._.js:2431
[ 2375503ms] [LOG] [Fast Refresh] done in 160ms @ http://localhost:3000/_next/static/chunks/0yxc_next_dist_0pl2blc._.js:2431
[ 2375655ms] [LOG] [Fast Refresh] rebuilding @ http://localhost:3000/_next/static/chunks/0yxc_next_dist_0pl2blc._.js:2431
[ 2375729ms] [LOG] [Fast Refresh] done in 175ms @ http://localhost:3000/_next/static/chunks/0yxc_next_dist_0pl2blc._.js:2431
[ 2394732ms] [LOG] [Fast Refresh] rebuilding @ http://localhost:3000/_next/static/chunks/0yxc_next_dist_0pl2blc._.js:2431
[ 2395401ms] [LOG] [Fast Refresh] done in 776ms @ http://localhost:3000/_next/static/chunks/0yxc_next_dist_0pl2blc._.js:2431
[ 2606116ms] [LOG] [Fast Refresh] rebuilding @ http://localhost:3000/_next/static/chunks/0yxc_next_dist_0pl2blc._.js:2431
[ 2606266ms] [LOG] [Fast Refresh] done in 253ms @ http://localhost:3000/_next/static/chunks/0yxc_next_dist_0pl2blc._.js:2431
[ 2606537ms] [LOG] [Fast Refresh] rebuilding @ http://localhost:3000/_next/static/chunks/0yxc_next_dist_0pl2blc._.js:2431
[ 2606586ms] [LOG] [Fast Refresh] done in 153ms @ http://localhost:3000/_next/static/chunks/0yxc_next_dist_0pl2blc._.js:2431
[ 2606750ms] [LOG] [Fast Refresh] rebuilding @ http://localhost:3000/_next/static/chunks/0yxc_next_dist_0pl2blc._.js:2431
[ 2606852ms] [LOG] [Fast Refresh] done in 203ms @ http://localhost:3000/_next/static/chunks/0yxc_next_dist_0pl2blc._.js:2431
[ 2607251ms] [LOG] [Fast Refresh] rebuilding @ http://localhost:3000/_next/static/chunks/0yxc_next_dist_0pl2blc._.js:2431
[ 2607440ms] [LOG] [Fast Refresh] done in 302ms @ http://localhost:3000/_next/static/chunks/0yxc_next_dist_0pl2blc._.js:2431
[ 2607600ms] [LOG] [Fast Refresh] rebuilding @ http://localhost:3000/_next/static/chunks/0yxc_next_dist_0pl2blc._.js:2431
[ 2607639ms] [LOG] [Fast Refresh] done in 153ms @ http://localhost:3000/_next/static/chunks/0yxc_next_dist_0pl2blc._.js:2431
[ 2607885ms] [LOG] [Fast Refresh] rebuilding @ http://localhost:3000/_next/static/chunks/0yxc_next_dist_0pl2blc._.js:2431
[ 2608006ms] [LOG] [Fast Refresh] done in 233ms @ http://localhost:3000/_next/static/chunks/0yxc_next_dist_0pl2blc._.js:2431
[ 2608151ms] [LOG] [Fast Refresh] rebuilding @ http://localhost:3000/_next/static/chunks/0yxc_next_dist_0pl2blc._.js:2431
[ 2608157ms] [LOG] [Fast Refresh] done in 117ms @ http://localhost:3000/_next/static/chunks/0yxc_next_dist_0pl2blc._.js:2431
[ 2647700ms] [LOG] [Fast Refresh] rebuilding @ http://localhost:3000/_next/static/chunks/0yxc_next_dist_0pl2blc._.js:2431
[ 2649264ms] [LOG] [Fast Refresh] done in 1669ms @ http://localhost:3000/_next/static/chunks/0yxc_next_dist_0pl2blc._.js:2431
[ 2651216ms] [LOG] [Fast Refresh] rebuilding @ http://localhost:3000/_next/static/chunks/0yxc_next_dist_0pl2blc._.js:2431
[ 2651217ms] [LOG] [Fast Refresh] done in 102ms @ http://localhost:3000/_next/static/chunks/0yxc_next_dist_0pl2blc._.js:2431
[ 2674899ms] [LOG] [Fast Refresh] rebuilding @ http://localhost:3000/_next/static/chunks/0yxc_next_dist_0pl2blc._.js:2431
[ 2674944ms] [LOG] [Fast Refresh] done in 154ms @ http://localhost:3000/_next/static/chunks/0yxc_next_dist_0pl2blc._.js:2431
[ 2903804ms] [LOG] [Fast Refresh] rebuilding @ http://localhost:3000/_next/static/chunks/0yxc_next_dist_0pl2blc._.js:2431
[ 2903944ms] [LOG] [Fast Refresh] done in 252ms @ http://localhost:3000/_next/static/chunks/0yxc_next_dist_0pl2blc._.js:2431
[ 2991338ms] [LOG] [Fast Refresh] rebuilding @ http://localhost:3000/_next/static/chunks/0yxc_next_dist_0pl2blc._.js:2431
[ 2991472ms] [LOG] [Fast Refresh] done in 243ms @ http://localhost:3000/_next/static/chunks/0yxc_next_dist_0pl2blc._.js:2431
[ 2995438ms] [LOG] [Fast Refresh] rebuilding @ http://localhost:3000/_next/static/chunks/0yxc_next_dist_0pl2blc._.js:2431
[ 2995443ms] [LOG] [Fast Refresh] done in 119ms @ http://localhost:3000/_next/static/chunks/0yxc_next_dist_0pl2blc._.js:2431
[ 3022965ms] [LOG] [Fast Refresh] rebuilding @ http://localhost:3000/_next/static/chunks/0yxc_next_dist_0pl2blc._.js:2431
[ 3022967ms] [LOG] [Fast Refresh] done in 108ms @ http://localhost:3000/_next/static/chunks/0yxc_next_dist_0pl2blc._.js:2431
[ 3023409ms] [LOG] [Fast Refresh] rebuilding @ http://localhost:3000/_next/static/chunks/0yxc_next_dist_0pl2blc._.js:2431
[ 3023422ms] [LOG] [Fast Refresh] done in 120ms @ http://localhost:3000/_next/static/chunks/0yxc_next_dist_0pl2blc._.js:2431
[ 3024116ms] [LOG] [Fast Refresh] rebuilding @ http://localhost:3000/_next/static/chunks/0yxc_next_dist_0pl2blc._.js:2431
[ 3024255ms] [LOG] [Fast Refresh] done in 250ms @ http://localhost:3000/_next/static/chunks/0yxc_next_dist_0pl2blc._.js:2431
[ 3053044ms] [LOG] [Fast Refresh] rebuilding @ http://localhost:3000/_next/static/chunks/0yxc_next_dist_0pl2blc._.js:2431
[ 3053094ms] [LOG] [Fast Refresh] done in 160ms @ http://localhost:3000/_next/static/chunks/0yxc_next_dist_0pl2blc._.js:2431
[ 3138283ms] [LOG] [Fast Refresh] rebuilding @ http://localhost:3000/_next/static/chunks/0yxc_next_dist_0pl2blc._.js:2431
[ 3139566ms] [LOG] [Fast Refresh] done in 1288ms @ http://localhost:3000/_next/static/chunks/0yxc_next_dist_0pl2blc._.js:2431
[ 3236896ms] [LOG] [Fast Refresh] rebuilding @ http://localhost:3000/_next/static/chunks/0yxc_next_dist_0pl2blc._.js:2431
[ 3236962ms] [LOG] [Fast Refresh] done in 179ms @ http://localhost:3000/_next/static/chunks/0yxc_next_dist_0pl2blc._.js:2431
[ 3271802ms] [LOG] [Fast Refresh] rebuilding @ http://localhost:3000/_next/static/chunks/0yxc_next_dist_0pl2blc._.js:2431
[ 3271948ms] [LOG] [Fast Refresh] done in 245ms @ http://localhost:3000/_next/static/chunks/0yxc_next_dist_0pl2blc._.js:2431
[ 3364227ms] [LOG] [Fast Refresh] rebuilding @ http://localhost:3000/_next/static/chunks/0yxc_next_dist_0pl2blc._.js:2431
[ 3364350ms] [LOG] [Fast Refresh] done in 229ms @ http://localhost:3000/_next/static/chunks/0yxc_next_dist_0pl2blc._.js:2431
[ 3448416ms] [LOG] [Fast Refresh] rebuilding @ http://localhost:3000/_next/static/chunks/0yxc_next_dist_0pl2blc._.js:2431
[ 3448455ms] [LOG] [Fast Refresh] done in 153ms @ http://localhost:3000/_next/static/chunks/0yxc_next_dist_0pl2blc._.js:2431
[ 3448572ms] [LOG] [Fast Refresh] rebuilding @ http://localhost:3000/_next/static/chunks/0yxc_next_dist_0pl2blc._.js:2431
[ 3448618ms] [LOG] [Fast Refresh] done in 149ms @ http://localhost:3000/_next/static/chunks/0yxc_next_dist_0pl2blc._.js:2431
[ 3461211ms] [LOG] [Fast Refresh] rebuilding @ http://localhost:3000/_next/static/chunks/0yxc_next_dist_0pl2blc._.js:2431
[ 3461213ms] [LOG] [Fast Refresh] done in 114ms @ http://localhost:3000/_next/static/chunks/0yxc_next_dist_0pl2blc._.js:2431
[ 3461324ms] [LOG] [Fast Refresh] rebuilding @ http://localhost:3000/_next/static/chunks/0yxc_next_dist_0pl2blc._.js:2431
[ 3461331ms] [LOG] [Fast Refresh] done in 116ms @ http://localhost:3000/_next/static/chunks/0yxc_next_dist_0pl2blc._.js:2431
[ 3461494ms] [LOG] [Fast Refresh] rebuilding @ http://localhost:3000/_next/static/chunks/0yxc_next_dist_0pl2blc._.js:2431
[ 3461515ms] [LOG] [Fast Refresh] done in 132ms @ http://localhost:3000/_next/static/chunks/0yxc_next_dist_0pl2blc._.js:2431
[ 3504070ms] [LOG] [Fast Refresh] rebuilding @ http://localhost:3000/_next/static/chunks/0yxc_next_dist_0pl2blc._.js:2431
[ 3506577ms] [LOG] [Fast Refresh] done in 2614ms @ http://localhost:3000/_next/static/chunks/0yxc_next_dist_0pl2blc._.js:2431
[ 3506757ms] [LOG] [Fast Refresh] rebuilding @ http://localhost:3000/_next/static/chunks/0yxc_next_dist_0pl2blc._.js:2431
[ 3506771ms] [LOG] [Fast Refresh] done in 125ms @ http://localhost:3000/_next/static/chunks/0yxc_next_dist_0pl2blc._.js:2431
[ 3511185ms] [LOG] [Fast Refresh] rebuilding @ http://localhost:3000/_next/static/chunks/0yxc_next_dist_0pl2blc._.js:2431
[ 3511298ms] [LOG] [Fast Refresh] done in 221ms @ http://localhost:3000/_next/static/chunks/0yxc_next_dist_0pl2blc._.js:2431
[ 3512606ms] [LOG] [Fast Refresh] rebuilding @ http://localhost:3000/_next/static/chunks/0yxc_next_dist_0pl2blc._.js:2431
[ 3512626ms] [LOG] [Fast Refresh] done in 130ms @ http://localhost:3000/_next/static/chunks/0yxc_next_dist_0pl2blc._.js:2431
[ 3599289ms] [LOG] [Fast Refresh] rebuilding @ http://localhost:3000/_next/static/chunks/0yxc_next_dist_0pl2blc._.js:2431
[ 3599377ms] [LOG] [Fast Refresh] done in 195ms @ http://localhost:3000/_next/static/chunks/0yxc_next_dist_0pl2blc._.js:2431
[ 3599587ms] [LOG] [Fast Refresh] rebuilding @ http://localhost:3000/_next/static/chunks/0yxc_next_dist_0pl2blc._.js:2431
[ 3599689ms] [LOG] [Fast Refresh] done in 208ms @ http://localhost:3000/_next/static/chunks/0yxc_next_dist_0pl2blc._.js:2431
[ 3599920ms] [LOG] [Fast Refresh] rebuilding @ http://localhost:3000/_next/static/chunks/0yxc_next_dist_0pl2blc._.js:2431
[ 3600181ms] [LOG] [Fast Refresh] done in 367ms @ http://localhost:3000/_next/static/chunks/0yxc_next_dist_0pl2blc._.js:2431
[ 3836643ms] [LOG] [Fast Refresh] rebuilding @ http://localhost:3000/_next/static/chunks/0yxc_next_dist_0pl2blc._.js:2431
[ 3836747ms] [LOG] [Fast Refresh] done in 203ms @ http://localhost:3000/_next/static/chunks/0yxc_next_dist_0pl2blc._.js:2431
[ 4114024ms] [LOG] [Fast Refresh] rebuilding @ http://localhost:3000/_next/static/chunks/0yxc_next_dist_0pl2blc._.js:2431
[ 4115181ms] [LOG] [Fast Refresh] done in 1234ms @ http://localhost:3000/_next/static/chunks/0yxc_next_dist_0pl2blc._.js:2431
[ 4193000ms] [LOG] [Fast Refresh] rebuilding @ http://localhost:3000/_next/static/chunks/0yxc_next_dist_0pl2blc._.js:2431
[ 4193067ms] [LOG] [Fast Refresh] done in 167ms @ http://localhost:3000/_next/static/chunks/0yxc_next_dist_0pl2blc._.js:2431
[ 4193168ms] [LOG] [Fast Refresh] rebuilding @ http://localhost:3000/_next/static/chunks/0yxc_next_dist_0pl2blc._.js:2431
[ 4193210ms] [LOG] [Fast Refresh] done in 142ms @ http://localhost:3000/_next/static/chunks/0yxc_next_dist_0pl2blc._.js:2431
[ 4287441ms] [LOG] [Fast Refresh] rebuilding @ http://localhost:3000/_next/static/chunks/0yxc_next_dist_0pl2blc._.js:2431
[ 4287486ms] [LOG] [Fast Refresh] done in 157ms @ http://localhost:3000/_next/static/chunks/0yxc_next_dist_0pl2blc._.js:2431
[ 4292975ms] [LOG] [Fast Refresh] rebuilding @ http://localhost:3000/_next/static/chunks/0yxc_next_dist_0pl2blc._.js:2431
[ 4293075ms] [LOG] [Fast Refresh] done in 203ms @ http://localhost:3000/_next/static/chunks/0yxc_next_dist_0pl2blc._.js:2431
[ 4293325ms] [LOG] [Fast Refresh] rebuilding @ http://localhost:3000/_next/static/chunks/0yxc_next_dist_0pl2blc._.js:2431
[ 4293496ms] [LOG] [Fast Refresh] done in 280ms @ http://localhost:3000/_next/static/chunks/0yxc_next_dist_0pl2blc._.js:2431
[ 4293638ms] [LOG] [Fast Refresh] rebuilding @ http://localhost:3000/_next/static/chunks/0yxc_next_dist_0pl2blc._.js:2431
[ 4293717ms] [LOG] [Fast Refresh] done in 181ms @ http://localhost:3000/_next/static/chunks/0yxc_next_dist_0pl2blc._.js:2431
[ 4414986ms] [LOG] [Fast Refresh] rebuilding @ http://localhost:3000/_next/static/chunks/0yxc_next_dist_0pl2blc._.js:2431
[ 4415044ms] [LOG] [Fast Refresh] done in 168ms @ http://localhost:3000/_next/static/chunks/0yxc_next_dist_0pl2blc._.js:2431
[ 4418988ms] [LOG] [Fast Refresh] rebuilding @ http://localhost:3000/_next/static/chunks/0yxc_next_dist_0pl2blc._.js:2431
[ 4418988ms] [LOG] [Fast Refresh] done in 109ms @ http://localhost:3000/_next/static/chunks/0yxc_next_dist_0pl2blc._.js:2431
[ 4461830ms] [LOG] [Fast Refresh] rebuilding @ http://localhost:3000/_next/static/chunks/0yxc_next_dist_0pl2blc._.js:2431
[ 4463433ms] [LOG] [Fast Refresh] done in 1716ms @ http://localhost:3000/_next/static/chunks/0yxc_next_dist_0pl2blc._.js:2431
[ 4470067ms] [LOG] [Fast Refresh] rebuilding @ http://localhost:3000/_next/static/chunks/0yxc_next_dist_0pl2blc._.js:2431
[ 4470127ms] [LOG] [Fast Refresh] done in 168ms @ http://localhost:3000/_next/static/chunks/0yxc_next_dist_0pl2blc._.js:2431
[ 4470700ms] [LOG] [Fast Refresh] rebuilding @ http://localhost:3000/_next/static/chunks/0yxc_next_dist_0pl2blc._.js:2431
[ 4470773ms] [LOG] [Fast Refresh] done in 185ms @ http://localhost:3000/_next/static/chunks/0yxc_next_dist_0pl2blc._.js:2431
[ 4470884ms] [LOG] [Fast Refresh] rebuilding @ http://localhost:3000/_next/static/chunks/0yxc_next_dist_0pl2blc._.js:2431
[ 4471040ms] [LOG] [Fast Refresh] done in 266ms @ http://localhost:3000/_next/static/chunks/0yxc_next_dist_0pl2blc._.js:2431
[ 4471153ms] [LOG] [Fast Refresh] rebuilding @ http://localhost:3000/_next/static/chunks/0yxc_next_dist_0pl2blc._.js:2431
[ 4471322ms] [LOG] [Fast Refresh] done in 280ms @ http://localhost:3000/_next/static/chunks/0yxc_next_dist_0pl2blc._.js:2431
[ 4471583ms] [LOG] [Fast Refresh] rebuilding @ http://localhost:3000/_next/static/chunks/0yxc_next_dist_0pl2blc._.js:2431
[ 4471671ms] [LOG] [Fast Refresh] done in 193ms @ http://localhost:3000/_next/static/chunks/0yxc_next_dist_0pl2blc._.js:2431
[ 4472866ms] [LOG] [Fast Refresh] rebuilding @ http://localhost:3000/_next/static/chunks/0yxc_next_dist_0pl2blc._.js:2431
[ 4473332ms] [LOG] [Fast Refresh] done in 576ms @ http://localhost:3000/_next/static/chunks/0yxc_next_dist_0pl2blc._.js:2431
[ 4473540ms] [LOG] [Fast Refresh] rebuilding @ http://localhost:3000/_next/static/chunks/0yxc_next_dist_0pl2blc._.js:2431
[ 4474787ms] [LOG] [Fast Refresh] done in 1348ms @ http://localhost:3000/_next/static/chunks/0yxc_next_dist_0pl2blc._.js:2431
[ 4475267ms] [LOG] [Fast Refresh] rebuilding @ http://localhost:3000/_next/static/chunks/0yxc_next_dist_0pl2blc._.js:2431
[ 4475554ms] [LOG] [Fast Refresh] done in 399ms @ http://localhost:3000/_next/static/chunks/0yxc_next_dist_0pl2blc._.js:2431
[ 4476144ms] [LOG] [Fast Refresh] rebuilding @ http://localhost:3000/_next/static/chunks/0yxc_next_dist_0pl2blc._.js:2431
[ 4476921ms] [LOG] [Fast Refresh] done in 881ms @ http://localhost:3000/_next/static/chunks/0yxc_next_dist_0pl2blc._.js:2431
[ 4477297ms] [LOG] [Fast Refresh] rebuilding @ http://localhost:3000/_next/static/chunks/0yxc_next_dist_0pl2blc._.js:2431
[ 4477471ms] [LOG] [Fast Refresh] done in 275ms @ http://localhost:3000/_next/static/chunks/0yxc_next_dist_0pl2blc._.js:2431
[ 4477578ms] [LOG] [Fast Refresh] rebuilding @ http://localhost:3000/_next/static/chunks/0yxc_next_dist_0pl2blc._.js:2431
[ 4478384ms] [LOG] [Fast Refresh] done in 912ms @ http://localhost:3000/_next/static/chunks/0yxc_next_dist_0pl2blc._.js:2431
[ 4479039ms] [LOG] [Fast Refresh] rebuilding @ http://localhost:3000/_next/static/chunks/0yxc_next_dist_0pl2blc._.js:2431
[ 4479220ms] [LOG] [Fast Refresh] done in 284ms @ http://localhost:3000/_next/static/chunks/0yxc_next_dist_0pl2blc._.js:2431
[ 4479331ms] [LOG] [Fast Refresh] rebuilding @ http://localhost:3000/_next/static/chunks/0yxc_next_dist_0pl2blc._.js:2431
[ 4479388ms] [LOG] [Fast Refresh] done in 165ms @ http://localhost:3000/_next/static/chunks/0yxc_next_dist_0pl2blc._.js:2431
[ 4479716ms] [LOG] [Fast Refresh] rebuilding @ http://localhost:3000/_next/static/chunks/0yxc_next_dist_0pl2blc._.js:2431
[ 4479739ms] [LOG] [Fast Refresh] done in 136ms @ http://localhost:3000/_next/static/chunks/0yxc_next_dist_0pl2blc._.js:2431
[ 4490810ms] [LOG] [Fast Refresh] rebuilding @ http://localhost:3000/_next/static/chunks/0yxc_next_dist_0pl2blc._.js:2431
[ 4491751ms] [LOG] [Fast Refresh] done in 1049ms @ http://localhost:3000/_next/static/chunks/0yxc_next_dist_0pl2blc._.js:2431
[ 4492296ms] [LOG] [Fast Refresh] rebuilding @ http://localhost:3000/_next/static/chunks/0yxc_next_dist_0pl2blc._.js:2431
[ 4492581ms] [LOG] [Fast Refresh] done in 386ms @ http://localhost:3000/_next/static/chunks/0yxc_next_dist_0pl2blc._.js:2431
[ 4492695ms] [LOG] [Fast Refresh] rebuilding @ http://localhost:3000/_next/static/chunks/0yxc_next_dist_0pl2blc._.js:2431
[ 4492752ms] [LOG] [Fast Refresh] done in 171ms @ http://localhost:3000/_next/static/chunks/0yxc_next_dist_0pl2blc._.js:2431
[ 4492864ms] [LOG] [Fast Refresh] rebuilding @ http://localhost:3000/_next/static/chunks/0yxc_next_dist_0pl2blc._.js:2431
[ 4492984ms] [LOG] [Fast Refresh] done in 220ms @ http://localhost:3000/_next/static/chunks/0yxc_next_dist_0pl2blc._.js:2431
[ 4493085ms] [LOG] [Fast Refresh] rebuilding @ http://localhost:3000/_next/static/chunks/0yxc_next_dist_0pl2blc._.js:2431
[ 4493086ms] [LOG] [Fast Refresh] done in 101ms @ http://localhost:3000/_next/static/chunks/0yxc_next_dist_0pl2blc._.js:2431
[ 4493367ms] [LOG] [Fast Refresh] rebuilding @ http://localhost:3000/_next/static/chunks/0yxc_next_dist_0pl2blc._.js:2431
[ 4493453ms] [LOG] [Fast Refresh] done in 187ms @ http://localhost:3000/_next/static/chunks/0yxc_next_dist_0pl2blc._.js:2431
[ 4555820ms] [LOG] [Fast Refresh] rebuilding @ http://localhost:3000/_next/static/chunks/0yxc_next_dist_0pl2blc._.js:2431
[ 4555848ms] [LOG] [Fast Refresh] done in 139ms @ http://localhost:3000/_next/static/chunks/0yxc_next_dist_0pl2blc._.js:2431
[ 4562731ms] [LOG] [Fast Refresh] rebuilding @ http://localhost:3000/_next/static/chunks/0yxc_next_dist_0pl2blc._.js:2431
[ 4562972ms] [LOG] [Fast Refresh] done in 350ms @ http://localhost:3000/_next/static/chunks/0yxc_next_dist_0pl2blc._.js:2431
[ 4563083ms] [LOG] [Fast Refresh] rebuilding @ http://localhost:3000/_next/static/chunks/0yxc_next_dist_0pl2blc._.js:2431
[ 4563253ms] [LOG] [Fast Refresh] done in 279ms @ http://localhost:3000/_next/static/chunks/0yxc_next_dist_0pl2blc._.js:2431
[ 4563917ms] [LOG] [Fast Refresh] rebuilding @ http://localhost:3000/_next/static/chunks/0yxc_next_dist_0pl2blc._.js:2431
[ 4564108ms] [LOG] [Fast Refresh] done in 293ms @ http://localhost:3000/_next/static/chunks/0yxc_next_dist_0pl2blc._.js:2431
[ 4564435ms] [LOG] [Fast Refresh] rebuilding @ http://localhost:3000/_next/static/chunks/0yxc_next_dist_0pl2blc._.js:2431
[ 4564489ms] [LOG] [Fast Refresh] done in 165ms @ http://localhost:3000/_next/static/chunks/0yxc_next_dist_0pl2blc._.js:2431
[ 4564635ms] [LOG] [Fast Refresh] rebuilding @ http://localhost:3000/_next/static/chunks/0yxc_next_dist_0pl2blc._.js:2431
[ 4565864ms] [LOG] [Fast Refresh] done in 1338ms @ http://localhost:3000/_next/static/chunks/0yxc_next_dist_0pl2blc._.js:2431
[ 4567105ms] [LOG] [Fast Refresh] rebuilding @ http://localhost:3000/_next/static/chunks/0yxc_next_dist_0pl2blc._.js:2431
[ 4567119ms] [LOG] [Fast Refresh] done in 141ms @ http://localhost:3000/_next/static/chunks/0yxc_next_dist_0pl2blc._.js:2431
[ 4567588ms] [LOG] [Fast Refresh] rebuilding @ http://localhost:3000/_next/static/chunks/0yxc_next_dist_0pl2blc._.js:2431
[ 4567624ms] [LOG] [Fast Refresh] done in 141ms @ http://localhost:3000/_next/static/chunks/0yxc_next_dist_0pl2blc._.js:2431
[ 4892612ms] [LOG] [Fast Refresh] rebuilding @ http://localhost:3000/_next/static/chunks/0yxc_next_dist_0pl2blc._.js:2431
[ 4892704ms] [LOG] [Fast Refresh] done in 204ms @ http://localhost:3000/_next/static/chunks/0yxc_next_dist_0pl2blc._.js:2431
[ 4897584ms] [LOG] [Fast Refresh] rebuilding @ http://localhost:3000/_next/static/chunks/0yxc_next_dist_0pl2blc._.js:2431
[ 4897702ms] [LOG] [Fast Refresh] done in 219ms @ http://localhost:3000/_next/static/chunks/0yxc_next_dist_0pl2blc._.js:2431
[ 5002647ms] [LOG] [Fast Refresh] rebuilding @ http://localhost:3000/_next/static/chunks/0yxc_next_dist_0pl2blc._.js:2431
[ 5002653ms] [LOG] [Fast Refresh] done in 107ms @ http://localhost:3000/_next/static/chunks/0yxc_next_dist_0pl2blc._.js:2431
[ 5002759ms] [LOG] [Fast Refresh] rebuilding @ http://localhost:3000/_next/static/chunks/0yxc_next_dist_0pl2blc._.js:2431
[ 5002770ms] [LOG] [Fast Refresh] done in 116ms @ http://localhost:3000/_next/static/chunks/0yxc_next_dist_0pl2blc._.js:2431
[ 5184582ms] [LOG] [Fast Refresh] rebuilding @ http://localhost:3000/_next/static/chunks/0yxc_next_dist_0pl2blc._.js:2431
[ 5184590ms] [LOG] [Fast Refresh] done in 121ms @ http://localhost:3000/_next/static/chunks/0yxc_next_dist_0pl2blc._.js:2431
[ 5360277ms] [LOG] [Fast Refresh] rebuilding @ http://localhost:3000/_next/static/chunks/0yxc_next_dist_0pl2blc._.js:2431
[ 5360357ms] [LOG] [Fast Refresh] done in 181ms @ http://localhost:3000/_next/static/chunks/0yxc_next_dist_0pl2blc._.js:2431
[ 5365206ms] [LOG] [Fast Refresh] rebuilding @ http://localhost:3000/_next/static/chunks/0yxc_next_dist_0pl2blc._.js:2431
[ 5365293ms] [LOG] [Fast Refresh] done in 188ms @ http://localhost:3000/_next/static/chunks/0yxc_next_dist_0pl2blc._.js:2431
[ 5365972ms] [LOG] [Fast Refresh] rebuilding @ http://localhost:3000/_next/static/chunks/0yxc_next_dist_0pl2blc._.js:2431
[ 5366087ms] [LOG] [Fast Refresh] done in 216ms @ http://localhost:3000/_next/static/chunks/0yxc_next_dist_0pl2blc._.js:2431
[ 5395284ms] [LOG] [Fast Refresh] rebuilding @ http://localhost:3000/_next/static/chunks/0yxc_next_dist_0pl2blc._.js:2431
[ 5395301ms] [LOG] [Fast Refresh] done in 117ms @ http://localhost:3000/_next/static/chunks/0yxc_next_dist_0pl2blc._.js:2431
[ 5482603ms] [LOG] [Fast Refresh] rebuilding @ http://localhost:3000/_next/static/chunks/0yxc_next_dist_0pl2blc._.js:2431
[ 5482767ms] [LOG] [Fast Refresh] done in 278ms @ http://localhost:3000/_next/static/chunks/0yxc_next_dist_0pl2blc._.js:2431
[ 5487865ms] [LOG] [Fast Refresh] rebuilding @ http://localhost:3000/_next/static/chunks/0yxc_next_dist_0pl2blc._.js:2431
[ 5487921ms] [LOG] [Fast Refresh] done in 163ms @ http://localhost:3000/_next/static/chunks/0yxc_next_dist_0pl2blc._.js:2431
[ 5488279ms] [LOG] [Fast Refresh] rebuilding @ http://localhost:3000/_next/static/chunks/0yxc_next_dist_0pl2blc._.js:2431
[ 5488337ms] [LOG] [Fast Refresh] done in 161ms @ http://localhost:3000/_next/static/chunks/0yxc_next_dist_0pl2blc._.js:2431
[ 5607660ms] [LOG] [Fast Refresh] rebuilding @ http://localhost:3000/_next/static/chunks/0yxc_next_dist_0pl2blc._.js:2431
[ 5607713ms] [LOG] [Fast Refresh] done in 162ms @ http://localhost:3000/_next/static/chunks/0yxc_next_dist_0pl2blc._.js:2431
[ 5612662ms] [LOG] [Fast Refresh] rebuilding @ http://localhost:3000/_next/static/chunks/0yxc_next_dist_0pl2blc._.js:2431
[ 5612799ms] [LOG] [Fast Refresh] done in 245ms @ http://localhost:3000/_next/static/chunks/0yxc_next_dist_0pl2blc._.js:2431
[ 5613229ms] [LOG] [Fast Refresh] rebuilding @ http://localhost:3000/_next/static/chunks/0yxc_next_dist_0pl2blc._.js:2431
[ 5613300ms] [LOG] [Fast Refresh] done in 183ms @ http://localhost:3000/_next/static/chunks/0yxc_next_dist_0pl2blc._.js:2431
[ 5613581ms] [LOG] [Fast Refresh] rebuilding @ http://localhost:3000/_next/static/chunks/0yxc_next_dist_0pl2blc._.js:2431
[ 5613648ms] [LOG] [Fast Refresh] done in 179ms @ http://localhost:3000/_next/static/chunks/0yxc_next_dist_0pl2blc._.js:2431
[ 5750144ms] [LOG] [Fast Refresh] rebuilding @ http://localhost:3000/_next/static/chunks/0yxc_next_dist_0pl2blc._.js:2431
[ 5750214ms] [LOG] [Fast Refresh] done in 185ms @ http://localhost:3000/_next/static/chunks/0yxc_next_dist_0pl2blc._.js:2431
[ 5750343ms] [LOG] [Fast Refresh] rebuilding @ http://localhost:3000/_next/static/chunks/0yxc_next_dist_0pl2blc._.js:2431
[ 5750362ms] [LOG] [Fast Refresh] done in 130ms @ http://localhost:3000/_next/static/chunks/0yxc_next_dist_0pl2blc._.js:2431
[ 5750532ms] [LOG] [Fast Refresh] rebuilding @ http://localhost:3000/_next/static/chunks/0yxc_next_dist_0pl2blc._.js:2431
[ 5750777ms] [LOG] [Fast Refresh] done in 345ms @ http://localhost:3000/_next/static/chunks/0yxc_next_dist_0pl2blc._.js:2431
[ 5756555ms] [LOG] [Fast Refresh] rebuilding @ http://localhost:3000/_next/static/chunks/0yxc_next_dist_0pl2blc._.js:2431
[ 5756678ms] [LOG] [Fast Refresh] done in 232ms @ http://localhost:3000/_next/static/chunks/0yxc_next_dist_0pl2blc._.js:2431
[ 5756804ms] [LOG] [Fast Refresh] rebuilding @ http://localhost:3000/_next/static/chunks/0yxc_next_dist_0pl2blc._.js:2431
[ 5756910ms] [LOG] [Fast Refresh] done in 215ms @ http://localhost:3000/_next/static/chunks/0yxc_next_dist_0pl2blc._.js:2431
[ 5881837ms] [LOG] [Fast Refresh] rebuilding @ http://localhost:3000/_next/static/chunks/0yxc_next_dist_0pl2blc._.js:2431
[ 5881838ms] [LOG] [Fast Refresh] done in 115ms @ http://localhost:3000/_next/static/chunks/0yxc_next_dist_0pl2blc._.js:2431
[ 5886470ms] [LOG] [Fast Refresh] rebuilding @ http://localhost:3000/_next/static/chunks/0yxc_next_dist_0pl2blc._.js:2431
[ 5886657ms] [LOG] [Fast Refresh] done in 300ms @ http://localhost:3000/_next/static/chunks/0yxc_next_dist_0pl2blc._.js:2431
[ 5887168ms] [LOG] [Fast Refresh] rebuilding @ http://localhost:3000/_next/static/chunks/0yxc_next_dist_0pl2blc._.js:2431
[ 5887192ms] [LOG] [Fast Refresh] done in 136ms @ http://localhost:3000/_next/static/chunks/0yxc_next_dist_0pl2blc._.js:2431
[ 6762763ms] [LOG] [Fast Refresh] rebuilding @ http://localhost:3000/_next/static/chunks/0yxc_next_dist_0pl2blc._.js:2431
[ 6762954ms] [LOG] [Fast Refresh] done in 290ms @ http://localhost:3000/_next/static/chunks/0yxc_next_dist_0pl2blc._.js:2431
[ 6764328ms] [LOG] [Fast Refresh] rebuilding @ http://localhost:3000/_next/static/chunks/0yxc_next_dist_0pl2blc._.js:2431
[ 6764517ms] [LOG] [Fast Refresh] done in 300ms @ http://localhost:3000/_next/static/chunks/0yxc_next_dist_0pl2blc._.js:2431
[ 6764760ms] [LOG] [Fast Refresh] rebuilding @ http://localhost:3000/_next/static/chunks/0yxc_next_dist_0pl2blc._.js:2431
[ 6764781ms] [LOG] [Fast Refresh] done in 166ms @ http://localhost:3000/_next/static/chunks/0yxc_next_dist_0pl2blc._.js:2431
[ 6764941ms] [LOG] [Fast Refresh] rebuilding @ http://localhost:3000/_next/static/chunks/0yxc_next_dist_0pl2blc._.js:2431
[ 6764950ms] [LOG] [Fast Refresh] done in 117ms @ http://localhost:3000/_next/static/chunks/0yxc_next_dist_0pl2blc._.js:2431
[ 6765159ms] [LOG] [Fast Refresh] rebuilding @ http://localhost:3000/_next/static/chunks/0yxc_next_dist_0pl2blc._.js:2431
[ 6765181ms] [LOG] [Fast Refresh] done in 125ms @ http://localhost:3000/_next/static/chunks/0yxc_next_dist_0pl2blc._.js:2431
[ 6770024ms] [LOG] [Fast Refresh] rebuilding @ http://localhost:3000/_next/static/chunks/0yxc_next_dist_0pl2blc._.js:2431
[ 6770110ms] [LOG] [Fast Refresh] done in 195ms @ http://localhost:3000/_next/static/chunks/0yxc_next_dist_0pl2blc._.js:2431
[ 6770345ms] [LOG] [Fast Refresh] rebuilding @ http://localhost:3000/_next/static/chunks/0yxc_next_dist_0pl2blc._.js:2431
[ 6770415ms] [LOG] [Fast Refresh] done in 172ms @ http://localhost:3000/_next/static/chunks/0yxc_next_dist_0pl2blc._.js:2431
[ 6770772ms] [LOG] [Fast Refresh] rebuilding @ http://localhost:3000/_next/static/chunks/0yxc_next_dist_0pl2blc._.js:2431
[ 6770827ms] [LOG] [Fast Refresh] done in 166ms @ http://localhost:3000/_next/static/chunks/0yxc_next_dist_0pl2blc._.js:2431
[ 6771127ms] [LOG] [Fast Refresh] rebuilding @ http://localhost:3000/_next/static/chunks/0yxc_next_dist_0pl2blc._.js:2431
[ 6771196ms] [LOG] [Fast Refresh] done in 170ms @ http://localhost:3000/_next/static/chunks/0yxc_next_dist_0pl2blc._.js:2431
[ 7489126ms] [LOG] [Fast Refresh] rebuilding @ http://localhost:3000/_next/static/chunks/0yxc_next_dist_0pl2blc._.js:2431
[ 7489128ms] [LOG] [Fast Refresh] done in 104ms @ http://localhost:3000/_next/static/chunks/0yxc_next_dist_0pl2blc._.js:2431
[ 7489280ms] [LOG] [Fast Refresh] rebuilding @ http://localhost:3000/_next/static/chunks/0yxc_next_dist_0pl2blc._.js:2431
[ 7489347ms] [LOG] [Fast Refresh] done in 171ms @ http://localhost:3000/_next/static/chunks/0yxc_next_dist_0pl2blc._.js:2431
[ 7489457ms] [LOG] [Fast Refresh] rebuilding @ http://localhost:3000/_next/static/chunks/0yxc_next_dist_0pl2blc._.js:2431
[ 7489497ms] [LOG] [Fast Refresh] done in 148ms @ http://localhost:3000/_next/static/chunks/0yxc_next_dist_0pl2blc._.js:2431
[ 7489666ms] [LOG] [Fast Refresh] rebuilding @ http://localhost:3000/_next/static/chunks/0yxc_next_dist_0pl2blc._.js:2431
[ 7489710ms] [LOG] [Fast Refresh] done in 149ms @ http://localhost:3000/_next/static/chunks/0yxc_next_dist_0pl2blc._.js:2431
[ 8352632ms] [LOG] [Fast Refresh] rebuilding @ http://localhost:3000/_next/static/chunks/0yxc_next_dist_0pl2blc._.js:2431
[ 8352671ms] [LOG] [Fast Refresh] done in 139ms @ http://localhost:3000/_next/static/chunks/0yxc_next_dist_0pl2blc._.js:2431
[ 8355381ms] [LOG] [Fast Refresh] rebuilding @ http://localhost:3000/_next/static/chunks/0yxc_next_dist_0pl2blc._.js:2431
[ 8355391ms] [LOG] [Fast Refresh] done in 110ms @ http://localhost:3000/_next/static/chunks/0yxc_next_dist_0pl2blc._.js:2431
[ 8357652ms] [LOG] [Fast Refresh] rebuilding @ http://localhost:3000/_next/static/chunks/0yxc_next_dist_0pl2blc._.js:2431
[ 8357788ms] [LOG] [Fast Refresh] done in 236ms @ http://localhost:3000/_next/static/chunks/0yxc_next_dist_0pl2blc._.js:2431
[ 8358024ms] [LOG] [Fast Refresh] rebuilding @ http://localhost:3000/_next/static/chunks/0yxc_next_dist_0pl2blc._.js:2431
[ 8358091ms] [LOG] [Fast Refresh] done in 170ms @ http://localhost:3000/_next/static/chunks/0yxc_next_dist_0pl2blc._.js:2431
[ 8358691ms] [LOG] [Fast Refresh] rebuilding @ http://localhost:3000/_next/static/chunks/0yxc_next_dist_0pl2blc._.js:2431
[ 8358750ms] [LOG] [Fast Refresh] done in 159ms @ http://localhost:3000/_next/static/chunks/0yxc_next_dist_0pl2blc._.js:2431
[ 8358992ms] [LOG] [Fast Refresh] rebuilding @ http://localhost:3000/_next/static/chunks/0yxc_next_dist_0pl2blc._.js:2431
[ 8359018ms] [LOG] [Fast Refresh] done in 129ms @ http://localhost:3000/_next/static/chunks/0yxc_next_dist_0pl2blc._.js:2431
[ 8482691ms] [LOG] [Fast Refresh] rebuilding @ http://localhost:3000/_next/static/chunks/0yxc_next_dist_0pl2blc._.js:2431
[ 8482929ms] [LOG] [Fast Refresh] done in 367ms @ http://localhost:3000/_next/static/chunks/0yxc_next_dist_0pl2blc._.js:2431
[ 8488345ms] [LOG] [Fast Refresh] rebuilding @ http://localhost:3000/_next/static/chunks/0yxc_next_dist_0pl2blc._.js:2431
[ 8488385ms] [LOG] [Fast Refresh] done in 151ms @ http://localhost:3000/_next/static/chunks/0yxc_next_dist_0pl2blc._.js:2431
[ 8492745ms] [LOG] [Fast Refresh] rebuilding @ http://localhost:3000/_next/static/chunks/0yxc_next_dist_0pl2blc._.js:2431
[ 8492865ms] [LOG] [Fast Refresh] done in 233ms @ http://localhost:3000/_next/static/chunks/0yxc_next_dist_0pl2blc._.js:2431
[ 8494466ms] [LOG] [Fast Refresh] rebuilding @ http://localhost:3000/_next/static/chunks/0yxc_next_dist_0pl2blc._.js:2431
[ 8494502ms] [LOG] [Fast Refresh] done in 136ms @ http://localhost:3000/_next/static/chunks/0yxc_next_dist_0pl2blc._.js:2431
[ 9798996ms] [LOG] [Fast Refresh] rebuilding @ http://localhost:3000/_next/static/chunks/0yxc_next_dist_0pl2blc._.js:2431
[ 9799070ms] [LOG] [Fast Refresh] done in 181ms @ http://localhost:3000/_next/static/chunks/0yxc_next_dist_0pl2blc._.js:2431
[10082634ms] [LOG] [Fast Refresh] rebuilding @ http://localhost:3000/_next/static/chunks/0yxc_next_dist_0pl2blc._.js:2431
[10082740ms] [LOG] [Fast Refresh] done in 215ms @ http://localhost:3000/_next/static/chunks/0yxc_next_dist_0pl2blc._.js:2431
[10082943ms] [LOG] [Fast Refresh] rebuilding @ http://localhost:3000/_next/static/chunks/0yxc_next_dist_0pl2blc._.js:2431
[10082955ms] [LOG] [Fast Refresh] done in 114ms @ http://localhost:3000/_next/static/chunks/0yxc_next_dist_0pl2blc._.js:2431
[10083075ms] [LOG] [Fast Refresh] rebuilding @ http://localhost:3000/_next/static/chunks/0yxc_next_dist_0pl2blc._.js:2431
[10083224ms] [LOG] [Fast Refresh] done in 267ms @ http://localhost:3000/_next/static/chunks/0yxc_next_dist_0pl2blc._.js:2431
[10083505ms] [LOG] [Fast Refresh] rebuilding @ http://localhost:3000/_next/static/chunks/0yxc_next_dist_0pl2blc._.js:2431
[10083758ms] [LOG] [Fast Refresh] done in 369ms @ http://localhost:3000/_next/static/chunks/0yxc_next_dist_0pl2blc._.js:2431
[10083955ms] [LOG] [Fast Refresh] rebuilding @ http://localhost:3000/_next/static/chunks/0yxc_next_dist_0pl2blc._.js:2431
[10083991ms] [LOG] [Fast Refresh] done in 138ms @ http://localhost:3000/_next/static/chunks/0yxc_next_dist_0pl2blc._.js:2431
[10084208ms] [LOG] [Fast Refresh] rebuilding @ http://localhost:3000/_next/static/chunks/0yxc_next_dist_0pl2blc._.js:2431
[10084327ms] [LOG] [Fast Refresh] done in 218ms @ http://localhost:3000/_next/static/chunks/0yxc_next_dist_0pl2blc._.js:2431
[10275933ms] [LOG] [Fast Refresh] rebuilding @ http://localhost:3000/_next/static/chunks/0yxc_next_dist_0pl2blc._.js:2431
[10275936ms] [LOG] [Fast Refresh] done in 111ms @ http://localhost:3000/_next/static/chunks/0yxc_next_dist_0pl2blc._.js:2431
[10400452ms] [LOG] [Fast Refresh] rebuilding @ http://localhost:3000/_next/static/chunks/0yxc_next_dist_0pl2blc._.js:2431
[10400548ms] [LOG] [Fast Refresh] done in 199ms @ http://localhost:3000/_next/static/chunks/0yxc_next_dist_0pl2blc._.js:2431
[10420076ms] [LOG] [Fast Refresh] rebuilding @ http://localhost:3000/_next/static/chunks/0yxc_next_dist_0pl2blc._.js:2431
[10420098ms] [LOG] [Fast Refresh] done in 127ms @ http://localhost:3000/_next/static/chunks/0yxc_next_dist_0pl2blc._.js:2431
[10420235ms] [LOG] [Fast Refresh] rebuilding @ http://localhost:3000/_next/static/chunks/0yxc_next_dist_0pl2blc._.js:2431
[10420238ms] [LOG] [Fast Refresh] done in 111ms @ http://localhost:3000/_next/static/chunks/0yxc_next_dist_0pl2blc._.js:2431
[10424059ms] [LOG] [Fast Refresh] rebuilding @ http://localhost:3000/_next/static/chunks/0yxc_next_dist_0pl2blc._.js:2431
[10424080ms] [LOG] [Fast Refresh] done in 127ms @ http://localhost:3000/_next/static/chunks/0yxc_next_dist_0pl2blc._.js:2431
[10462138ms] [LOG] [Fast Refresh] rebuilding @ http://localhost:3000/_next/static/chunks/0yxc_next_dist_0pl2blc._.js:2431
[10462372ms] [LOG] [Fast Refresh] done in 341ms @ http://localhost:3000/_next/static/chunks/0yxc_next_dist_0pl2blc._.js:2431
[10462754ms] [LOG] [Fast Refresh] rebuilding @ http://localhost:3000/_next/static/chunks/0yxc_next_dist_0pl2blc._.js:2431
[10462823ms] [LOG] [Fast Refresh] done in 178ms @ http://localhost:3000/_next/static/chunks/0yxc_next_dist_0pl2blc._.js:2431
[10463193ms] [LOG] [Fast Refresh] rebuilding @ http://localhost:3000/_next/static/chunks/0yxc_next_dist_0pl2blc._.js:2431
[10463307ms] [LOG] [Fast Refresh] done in 215ms @ http://localhost:3000/_next/static/chunks/0yxc_next_dist_0pl2blc._.js:2431
[10463545ms] [LOG] [Fast Refresh] rebuilding @ http://localhost:3000/_next/static/chunks/0yxc_next_dist_0pl2blc._.js:2431
[10463546ms] [LOG] [Fast Refresh] done in 102ms @ http://localhost:3000/_next/static/chunks/0yxc_next_dist_0pl2blc._.js:2431
[10463874ms] [LOG] [Fast Refresh] rebuilding @ http://localhost:3000/_next/static/chunks/0yxc_next_dist_0pl2blc._.js:2431
[10463879ms] [LOG] [Fast Refresh] done in 115ms @ http://localhost:3000/_next/static/chunks/0yxc_next_dist_0pl2blc._.js:2431
[10464324ms] [LOG] [Fast Refresh] rebuilding @ http://localhost:3000/_next/static/chunks/0yxc_next_dist_0pl2blc._.js:2431
[10464546ms] [LOG] [Fast Refresh] done in 333ms @ http://localhost:3000/_next/static/chunks/0yxc_next_dist_0pl2blc._.js:2431
[10464809ms] [LOG] [Fast Refresh] rebuilding @ http://localhost:3000/_next/static/chunks/0yxc_next_dist_0pl2blc._.js:2431
[10464846ms] [LOG] [Fast Refresh] done in 148ms @ http://localhost:3000/_next/static/chunks/0yxc_next_dist_0pl2blc._.js:2431
[10561876ms] [LOG] [Fast Refresh] rebuilding @ http://localhost:3000/_next/static/chunks/0yxc_next_dist_0pl2blc._.js:2431
[10562087ms] [LOG] [Fast Refresh] done in 312ms @ http://localhost:3000/_next/static/chunks/0yxc_next_dist_0pl2blc._.js:2431
[10575595ms] [LOG] [Fast Refresh] rebuilding @ http://localhost:3000/_next/static/chunks/0yxc_next_dist_0pl2blc._.js:2431
[10576592ms] [LOG] [Fast Refresh] done in 1100ms @ http://localhost:3000/_next/static/chunks/0yxc_next_dist_0pl2blc._.js:2431
[10576805ms] [LOG] [Fast Refresh] rebuilding @ http://localhost:3000/_next/static/chunks/0yxc_next_dist_0pl2blc._.js:2431
[10576846ms] [LOG] [Fast Refresh] done in 155ms @ http://localhost:3000/_next/static/chunks/0yxc_next_dist_0pl2blc._.js:2431
[10666159ms] [LOG] [Fast Refresh] rebuilding @ http://localhost:3000/_next/static/chunks/0yxc_next_dist_0pl2blc._.js:2431
[10666264ms] [LOG] [Fast Refresh] done in 214ms @ http://localhost:3000/_next/static/chunks/0yxc_next_dist_0pl2blc._.js:2431
[10666378ms] [LOG] [Fast Refresh] rebuilding @ http://localhost:3000/_next/static/chunks/0yxc_next_dist_0pl2blc._.js:2431
[10666498ms] [LOG] [Fast Refresh] done in 231ms @ http://localhost:3000/_next/static/chunks/0yxc_next_dist_0pl2blc._.js:2431
[10672796ms] [LOG] [Fast Refresh] rebuilding @ http://localhost:3000/_next/static/chunks/0yxc_next_dist_0pl2blc._.js:2431
[10672978ms] [LOG] [Fast Refresh] done in 286ms @ http://localhost:3000/_next/static/chunks/0yxc_next_dist_0pl2blc._.js:2431
[10673530ms] [LOG] [Fast Refresh] rebuilding @ http://localhost:3000/_next/static/chunks/0yxc_next_dist_0pl2blc._.js:2431
[10673658ms] [LOG] [Fast Refresh] done in 229ms @ http://localhost:3000/_next/static/chunks/0yxc_next_dist_0pl2blc._.js:2431
[10673990ms] [LOG] [Fast Refresh] rebuilding @ http://localhost:3000/_next/static/chunks/0yxc_next_dist_0pl2blc._.js:2431
[10674214ms] [LOG] [Fast Refresh] done in 338ms @ http://localhost:3000/_next/static/chunks/0yxc_next_dist_0pl2blc._.js:2431
[10674538ms] [LOG] [Fast Refresh] rebuilding @ http://localhost:3000/_next/static/chunks/0yxc_next_dist_0pl2blc._.js:2431
[10674546ms] [LOG] [Fast Refresh] done in 118ms @ http://localhost:3000/_next/static/chunks/0yxc_next_dist_0pl2blc._.js:2431
[10675954ms] [LOG] [Fast Refresh] rebuilding @ http://localhost:3000/_next/static/chunks/0yxc_next_dist_0pl2blc._.js:2431
[10676025ms] [LOG] [Fast Refresh] done in 179ms @ http://localhost:3000/_next/static/chunks/0yxc_next_dist_0pl2blc._.js:2431
[10676652ms] [LOG] [Fast Refresh] rebuilding @ http://localhost:3000/_next/static/chunks/0yxc_next_dist_0pl2blc._.js:2431
[10676823ms] [LOG] [Fast Refresh] done in 278ms @ http://localhost:3000/_next/static/chunks/0yxc_next_dist_0pl2blc._.js:2431
[10677260ms] [LOG] [Fast Refresh] rebuilding @ http://localhost:3000/_next/static/chunks/0yxc_next_dist_0pl2blc._.js:2431
[10677312ms] [LOG] [Fast Refresh] done in 153ms @ http://localhost:3000/_next/static/chunks/0yxc_next_dist_0pl2blc._.js:2431
[10677637ms] [LOG] [Fast Refresh] rebuilding @ http://localhost:3000/_next/static/chunks/0yxc_next_dist_0pl2blc._.js:2431
[10677755ms] [LOG] [Fast Refresh] done in 230ms @ http://localhost:3000/_next/static/chunks/0yxc_next_dist_0pl2blc._.js:2431
[10678336ms] [LOG] [Fast Refresh] rebuilding @ http://localhost:3000/_next/static/chunks/0yxc_next_dist_0pl2blc._.js:2431
[10678412ms] [LOG] [Fast Refresh] done in 183ms @ http://localhost:3000/_next/static/chunks/0yxc_next_dist_0pl2blc._.js:2431
[10678710ms] [LOG] [Fast Refresh] rebuilding @ http://localhost:3000/_next/static/chunks/0yxc_next_dist_0pl2blc._.js:2431
[10679008ms] [LOG] [Fast Refresh] done in 400ms @ http://localhost:3000/_next/static/chunks/0yxc_next_dist_0pl2blc._.js:2431
[10679404ms] [LOG] [Fast Refresh] rebuilding @ http://localhost:3000/_next/static/chunks/0yxc_next_dist_0pl2blc._.js:2431
[10679413ms] [LOG] [Fast Refresh] done in 117ms @ http://localhost:3000/_next/static/chunks/0yxc_next_dist_0pl2blc._.js:2431
[10702700ms] [LOG] [Fast Refresh] rebuilding @ http://localhost:3000/_next/static/chunks/0yxc_next_dist_0pl2blc._.js:2431
[10702807ms] [LOG] [Fast Refresh] done in 207ms @ http://localhost:3000/_next/static/chunks/0yxc_next_dist_0pl2blc._.js:2431
[10861406ms] [LOG] [Fast Refresh] rebuilding @ http://localhost:3000/_next/static/chunks/0yxc_next_dist_0pl2blc._.js:2431
[10861489ms] [LOG] [Fast Refresh] done in 196ms @ http://localhost:3000/_next/static/chunks/0yxc_next_dist_0pl2blc._.js:2431
[10870422ms] [LOG] [Fast Refresh] rebuilding @ http://localhost:3000/_next/static/chunks/0yxc_next_dist_0pl2blc._.js:2431
[10870474ms] [LOG] [Fast Refresh] done in 159ms @ http://localhost:3000/_next/static/chunks/0yxc_next_dist_0pl2blc._.js:2431
[10870715ms] [LOG] [Fast Refresh] rebuilding @ http://localhost:3000/_next/static/chunks/0yxc_next_dist_0pl2blc._.js:2431
[10870780ms] [LOG] [Fast Refresh] done in 174ms @ http://localhost:3000/_next/static/chunks/0yxc_next_dist_0pl2blc._.js:2431
[10895499ms] [LOG] [Fast Refresh] rebuilding @ http://localhost:3000/_next/static/chunks/0yxc_next_dist_0pl2blc._.js:2431
[10896873ms] [LOG] [Fast Refresh] done in 1416ms @ http://localhost:3000/_next/static/chunks/0yxc_next_dist_0pl2blc._.js:2431
[10931243ms] [LOG] [Fast Refresh] rebuilding @ http://localhost:3000/_next/static/chunks/0yxc_next_dist_0pl2blc._.js:2431
[10936051ms] [LOG] [Fast Refresh] done in 4922ms @ http://localhost:3000/_next/static/chunks/0yxc_next_dist_0pl2blc._.js:2431
[10939762ms] [LOG] [Fast Refresh] rebuilding @ http://localhost:3000/_next/static/chunks/0yxc_next_dist_0pl2blc._.js:2431
[10939812ms] [LOG] [Fast Refresh] done in 152ms @ http://localhost:3000/_next/static/chunks/0yxc_next_dist_0pl2blc._.js:2431
[11009490ms] [LOG] [Fast Refresh] rebuilding @ http://localhost:3000/_next/static/chunks/0yxc_next_dist_0pl2blc._.js:2431
[11009642ms] [LOG] [Fast Refresh] done in 254ms @ http://localhost:3000/_next/static/chunks/0yxc_next_dist_0pl2blc._.js:2431
[11011366ms] [LOG] [Fast Refresh] rebuilding @ http://localhost:3000/_next/static/chunks/0yxc_next_dist_0pl2blc._.js:2431
[11015283ms] [LOG] [Fast Refresh] done in 3805ms @ http://localhost:3000/_next/static/chunks/0yxc_next_dist_0pl2blc._.js:2431
[11020561ms] [LOG] [Fast Refresh] rebuilding @ http://localhost:3000/_next/static/chunks/0yxc_next_dist_0pl2blc._.js:2431
[11025354ms] [LOG] [Fast Refresh] done in 4898ms @ http://localhost:3000/_next/static/chunks/0yxc_next_dist_0pl2blc._.js:2431
[11026890ms] [LOG] [Fast Refresh] rebuilding @ http://localhost:3000/_next/static/chunks/0yxc_next_dist_0pl2blc._.js:2431
[11026903ms] [LOG] [Fast Refresh] done in 122ms @ http://localhost:3000/_next/static/chunks/0yxc_next_dist_0pl2blc._.js:2431
[11027112ms] [LOG] [Fast Refresh] rebuilding @ http://localhost:3000/_next/static/chunks/0yxc_next_dist_0pl2blc._.js:2431
[11027214ms] [LOG] [Fast Refresh] done in 217ms @ http://localhost:3000/_next/static/chunks/0yxc_next_dist_0pl2blc._.js:2431
[11136810ms] [LOG] [Fast Refresh] rebuilding @ http://localhost:3000/_next/static/chunks/0yxc_next_dist_0pl2blc._.js:2431
[11144366ms] [LOG] [Fast Refresh] done in 7643ms @ http://localhost:3000/_next/static/chunks/0yxc_next_dist_0pl2blc._.js:2431
[11147658ms] [LOG] [Fast Refresh] rebuilding @ http://localhost:3000/_next/static/chunks/0yxc_next_dist_0pl2blc._.js:2431
[11148083ms] [LOG] [Fast Refresh] done in 535ms @ http://localhost:3000/_next/static/chunks/0yxc_next_dist_0pl2blc._.js:2431
[11169206ms] [LOG] [Fast Refresh] rebuilding @ http://localhost:3000/_next/static/chunks/0yxc_next_dist_0pl2blc._.js:2431
[11170213ms] [LOG] [Fast Refresh] done in 1114ms @ http://localhost:3000/_next/static/chunks/0yxc_next_dist_0pl2blc._.js:2431
[11170433ms] [LOG] [Fast Refresh] rebuilding @ http://localhost:3000/_next/static/chunks/0yxc_next_dist_0pl2blc._.js:2431
[11170474ms] [LOG] [Fast Refresh] done in 149ms @ http://localhost:3000/_next/static/chunks/0yxc_next_dist_0pl2blc._.js:2431
[11170623ms] [LOG] [Fast Refresh] rebuilding @ http://localhost:3000/_next/static/chunks/0yxc_next_dist_0pl2blc._.js:2431
[11170659ms] [LOG] [Fast Refresh] done in 142ms @ http://localhost:3000/_next/static/chunks/0yxc_next_dist_0pl2blc._.js:2431
[11197861ms] [LOG] [Fast Refresh] rebuilding @ http://localhost:3000/_next/static/chunks/0yxc_next_dist_0pl2blc._.js:2431
[11198862ms] [LOG] [Fast Refresh] done in 1102ms @ http://localhost:3000/_next/static/chunks/0yxc_next_dist_0pl2blc._.js:2431
[11199761ms] [LOG] [Fast Refresh] rebuilding @ http://localhost:3000/_next/static/chunks/0yxc_next_dist_0pl2blc._.js:2431
[11199888ms] [LOG] [Fast Refresh] done in 228ms @ http://localhost:3000/_next/static/chunks/0yxc_next_dist_0pl2blc._.js:2431
[11201602ms] [LOG] [Fast Refresh] rebuilding @ http://localhost:3000/_next/static/chunks/0yxc_next_dist_0pl2blc._.js:2431
[11201663ms] [LOG] [Fast Refresh] done in 168ms @ http://localhost:3000/_next/static/chunks/0yxc_next_dist_0pl2blc._.js:2431
[11307381ms] [LOG] [Fast Refresh] rebuilding @ http://localhost:3000/_next/static/chunks/0yxc_next_dist_0pl2blc._.js:2431
[11307388ms] [LOG] [Fast Refresh] done in 111ms @ http://localhost:3000/_next/static/chunks/0yxc_next_dist_0pl2blc._.js:2431
[11307498ms] [LOG] [Fast Refresh] rebuilding @ http://localhost:3000/_next/static/chunks/0yxc_next_dist_0pl2blc._.js:2431
[11307516ms] [LOG] [Fast Refresh] done in 121ms @ http://localhost:3000/_next/static/chunks/0yxc_next_dist_0pl2blc._.js:2431
[11311332ms] [LOG] [Fast Refresh] rebuilding @ http://localhost:3000/_next/static/chunks/0yxc_next_dist_0pl2blc._.js:2431
[11311341ms] [LOG] [Fast Refresh] done in 117ms @ http://localhost:3000/_next/static/chunks/0yxc_next_dist_0pl2blc._.js:2431
[11311732ms] [LOG] [Fast Refresh] rebuilding @ http://localhost:3000/_next/static/chunks/0yxc_next_dist_0pl2blc._.js:2431
[11311824ms] [LOG] [Fast Refresh] done in 198ms @ http://localhost:3000/_next/static/chunks/0yxc_next_dist_0pl2blc._.js:2431
[11312230ms] [LOG] [Fast Refresh] rebuilding @ http://localhost:3000/_next/static/chunks/0yxc_next_dist_0pl2blc._.js:2431
[11312259ms] [LOG] [Fast Refresh] done in 134ms @ http://localhost:3000/_next/static/chunks/0yxc_next_dist_0pl2blc._.js:2431
[11317632ms] [LOG] [Fast Refresh] rebuilding @ http://localhost:3000/_next/static/chunks/0yxc_next_dist_0pl2blc._.js:2431
[11317704ms] [LOG] [Fast Refresh] done in 185ms @ http://localhost:3000/_next/static/chunks/0yxc_next_dist_0pl2blc._.js:2431
[11317956ms] [LOG] [Fast Refresh] rebuilding @ http://localhost:3000/_next/static/chunks/0yxc_next_dist_0pl2blc._.js:2431
[11318103ms] [LOG] [Fast Refresh] done in 247ms @ http://localhost:3000/_next/static/chunks/0yxc_next_dist_0pl2blc._.js:2431
[11318343ms] [LOG] [Fast Refresh] rebuilding @ http://localhost:3000/_next/static/chunks/0yxc_next_dist_0pl2blc._.js:2431
[11318389ms] [LOG] [Fast Refresh] done in 149ms @ http://localhost:3000/_next/static/chunks/0yxc_next_dist_0pl2blc._.js:2431
[11361942ms] [LOG] [Fast Refresh] rebuilding @ http://localhost:3000/_next/static/chunks/0yxc_next_dist_0pl2blc._.js:2431
[11363031ms] [LOG] [Fast Refresh] done in 1197ms @ http://localhost:3000/_next/static/chunks/0yxc_next_dist_0pl2blc._.js:2431
[11363564ms] [LOG] [Fast Refresh] rebuilding @ http://localhost:3000/_next/static/chunks/0yxc_next_dist_0pl2blc._.js:2431
[11363629ms] [LOG] [Fast Refresh] done in 166ms @ http://localhost:3000/_next/static/chunks/0yxc_next_dist_0pl2blc._.js:2431
[11368910ms] [LOG] [Fast Refresh] rebuilding @ http://localhost:3000/_next/static/chunks/0yxc_next_dist_0pl2blc._.js:2431
[11369060ms] [LOG] [Fast Refresh] done in 263ms @ http://localhost:3000/_next/static/chunks/0yxc_next_dist_0pl2blc._.js:2431
[11369324ms] [LOG] [Fast Refresh] rebuilding @ http://localhost:3000/_next/static/chunks/0yxc_next_dist_0pl2blc._.js:2431
[11369461ms] [LOG] [Fast Refresh] done in 245ms @ http://localhost:3000/_next/static/chunks/0yxc_next_dist_0pl2blc._.js:2431
[11370026ms] [LOG] [Fast Refresh] rebuilding @ http://localhost:3000/_next/static/chunks/0yxc_next_dist_0pl2blc._.js:2431
[11370094ms] [LOG] [Fast Refresh] done in 178ms @ http://localhost:3000/_next/static/chunks/0yxc_next_dist_0pl2blc._.js:2431
[11370423ms] [LOG] [Fast Refresh] rebuilding @ http://localhost:3000/_next/static/chunks/0yxc_next_dist_0pl2blc._.js:2431
[11370432ms] [LOG] [Fast Refresh] done in 122ms @ http://localhost:3000/_next/static/chunks/0yxc_next_dist_0pl2blc._.js:2431
[11371756ms] [LOG] [Fast Refresh] rebuilding @ http://localhost:3000/_next/static/chunks/0yxc_next_dist_0pl2blc._.js:2431
[11371894ms] [LOG] [Fast Refresh] done in 245ms @ http://localhost:3000/_next/static/chunks/0yxc_next_dist_0pl2blc._.js:2431
[11372140ms] [LOG] [Fast Refresh] rebuilding @ http://localhost:3000/_next/static/chunks/0yxc_next_dist_0pl2blc._.js:2431
[11372281ms] [LOG] [Fast Refresh] done in 248ms @ http://localhost:3000/_next/static/chunks/0yxc_next_dist_0pl2blc._.js:2431
[11372389ms] [LOG] [Fast Refresh] rebuilding @ http://localhost:3000/_next/static/chunks/0yxc_next_dist_0pl2blc._.js:2431
[11372532ms] [LOG] [Fast Refresh] done in 249ms @ http://localhost:3000/_next/static/chunks/0yxc_next_dist_0pl2blc._.js:2431
[11372806ms] [LOG] [Fast Refresh] rebuilding @ http://localhost:3000/_next/static/chunks/0yxc_next_dist_0pl2blc._.js:2431
[11372881ms] [LOG] [Fast Refresh] done in 181ms @ http://localhost:3000/_next/static/chunks/0yxc_next_dist_0pl2blc._.js:2431
[11373061ms] [LOG] [Fast Refresh] rebuilding @ http://localhost:3000/_next/static/chunks/0yxc_next_dist_0pl2blc._.js:2431
[11373246ms] [LOG] [Fast Refresh] done in 286ms @ http://localhost:3000/_next/static/chunks/0yxc_next_dist_0pl2blc._.js:2431
[11373522ms] [LOG] [Fast Refresh] rebuilding @ http://localhost:3000/_next/static/chunks/0yxc_next_dist_0pl2blc._.js:2431
[11373564ms] [LOG] [Fast Refresh] done in 152ms @ http://localhost:3000/_next/static/chunks/0yxc_next_dist_0pl2blc._.js:2431
[11373939ms] [LOG] [Fast Refresh] rebuilding @ http://localhost:3000/_next/static/chunks/0yxc_next_dist_0pl2blc._.js:2431
[11374024ms] [LOG] [Fast Refresh] done in 194ms @ http://localhost:3000/_next/static/chunks/0yxc_next_dist_0pl2blc._.js:2431
[11374324ms] [LOG] [Fast Refresh] rebuilding @ http://localhost:3000/_next/static/chunks/0yxc_next_dist_0pl2blc._.js:2431
[11374394ms] [LOG] [Fast Refresh] done in 184ms @ http://localhost:3000/_next/static/chunks/0yxc_next_dist_0pl2blc._.js:2431
[11393038ms] [LOG] [Fast Refresh] rebuilding @ http://localhost:3000/_next/static/chunks/0yxc_next_dist_0pl2blc._.js:2431
[11393125ms] [LOG] [Fast Refresh] done in 187ms @ http://localhost:3000/_next/static/chunks/0yxc_next_dist_0pl2blc._.js:2431
[11396561ms] [LOG] [Fast Refresh] rebuilding @ http://localhost:3000/_next/static/chunks/0yxc_next_dist_0pl2blc._.js:2431
[11396562ms] [LOG] [Fast Refresh] done in 107ms @ http://localhost:3000/_next/static/chunks/0yxc_next_dist_0pl2blc._.js:2431
[11414874ms] [LOG] [Fast Refresh] rebuilding @ http://localhost:3000/_next/static/chunks/0yxc_next_dist_0pl2blc._.js:2431
[11414888ms] [LOG] [Fast Refresh] done in 114ms @ http://localhost:3000/_next/static/chunks/0yxc_next_dist_0pl2blc._.js:2431
[11415268ms] [LOG] [Fast Refresh] rebuilding @ http://localhost:3000/_next/static/chunks/0yxc_next_dist_0pl2blc._.js:2431
[11415275ms] [LOG] [Fast Refresh] done in 122ms @ http://localhost:3000/_next/static/chunks/0yxc_next_dist_0pl2blc._.js:2431
[11415469ms] [LOG] [Fast Refresh] rebuilding @ http://localhost:3000/_next/static/chunks/0yxc_next_dist_0pl2blc._.js:2431
[11415591ms] [LOG] [Fast Refresh] done in 232ms @ http://localhost:3000/_next/static/chunks/0yxc_next_dist_0pl2blc._.js:2431
[11449210ms] [LOG] [Fast Refresh] rebuilding @ http://localhost:3000/_next/static/chunks/0yxc_next_dist_0pl2blc._.js:2431
[11452215ms] [LOG] [Fast Refresh] done in 2557ms @ http://localhost:3000/_next/static/chunks/0yxc_next_dist_0pl2blc._.js:2431
[11563963ms] [LOG] [Fast Refresh] rebuilding @ http://localhost:3000/_next/static/chunks/0yxc_next_dist_0pl2blc._.js:2431
[11563966ms] [LOG] [Fast Refresh] done in 114ms @ http://localhost:3000/_next/static/chunks/0yxc_next_dist_0pl2blc._.js:2431
[11564127ms] [LOG] [Fast Refresh] rebuilding @ http://localhost:3000/_next/static/chunks/0yxc_next_dist_0pl2blc._.js:2431
[11564165ms] [LOG] [Fast Refresh] done in 151ms @ http://localhost:3000/_next/static/chunks/0yxc_next_dist_0pl2blc._.js:2431
[11628198ms] [LOG] [Fast Refresh] rebuilding @ http://localhost:3000/_next/static/chunks/0yxc_next_dist_0pl2blc._.js:2431
[11631807ms] [LOG] [Fast Refresh] done in 3723ms @ http://localhost:3000/_next/static/chunks/0yxc_next_dist_0pl2blc._.js:2431
[11698771ms] [LOG] [Fast Refresh] rebuilding @ http://localhost:3000/_next/static/chunks/0yxc_next_dist_0pl2blc._.js:2431
[11698826ms] [LOG] [Fast Refresh] done in 166ms @ http://localhost:3000/_next/static/chunks/0yxc_next_dist_0pl2blc._.js:2431
[11699088ms] [LOG] [Fast Refresh] rebuilding @ http://localhost:3000/_next/static/chunks/0yxc_next_dist_0pl2blc._.js:2431
[11699180ms] [LOG] [Fast Refresh] done in 204ms @ http://localhost:3000/_next/static/chunks/0yxc_next_dist_0pl2blc._.js:2431
[11699387ms] [LOG] [Fast Refresh] rebuilding @ http://localhost:3000/_next/static/chunks/0yxc_next_dist_0pl2blc._.js:2431
[11699543ms] [LOG] [Fast Refresh] done in 257ms @ http://localhost:3000/_next/static/chunks/0yxc_next_dist_0pl2blc._.js:2431
[11699967ms] [LOG] [Fast Refresh] rebuilding @ http://localhost:3000/_next/static/chunks/0yxc_next_dist_0pl2blc._.js:2431
[11699974ms] [LOG] [Fast Refresh] done in 114ms @ http://localhost:3000/_next/static/chunks/0yxc_next_dist_0pl2blc._.js:2431
[11700445ms] [LOG] [Fast Refresh] rebuilding @ http://localhost:3000/_next/static/chunks/0yxc_next_dist_0pl2blc._.js:2431
[11700525ms] [LOG] [Fast Refresh] done in 182ms @ http://localhost:3000/_next/static/chunks/0yxc_next_dist_0pl2blc._.js:2431
[11700893ms] [LOG] [Fast Refresh] rebuilding @ http://localhost:3000/_next/static/chunks/0yxc_next_dist_0pl2blc._.js:2431
[11700996ms] [LOG] [Fast Refresh] done in 204ms @ http://localhost:3000/_next/static/chunks/0yxc_next_dist_0pl2blc._.js:2431
[11701653ms] [LOG] [Fast Refresh] rebuilding @ http://localhost:3000/_next/static/chunks/0yxc_next_dist_0pl2blc._.js:2431
[11701843ms] [LOG] [Fast Refresh] done in 302ms @ http://localhost:3000/_next/static/chunks/0yxc_next_dist_0pl2blc._.js:2431
[11701995ms] [LOG] [Fast Refresh] rebuilding @ http://localhost:3000/_next/static/chunks/0yxc_next_dist_0pl2blc._.js:2431
[11702092ms] [LOG] [Fast Refresh] done in 199ms @ http://localhost:3000/_next/static/chunks/0yxc_next_dist_0pl2blc._.js:2431
[11702424ms] [LOG] [Fast Refresh] rebuilding @ http://localhost:3000/_next/static/chunks/0yxc_next_dist_0pl2blc._.js:2431
[11702595ms] [LOG] [Fast Refresh] done in 281ms @ http://localhost:3000/_next/static/chunks/0yxc_next_dist_0pl2blc._.js:2431
[11724966ms] [LOG] [Fast Refresh] rebuilding @ http://localhost:3000/_next/static/chunks/0yxc_next_dist_0pl2blc._.js:2431
[11725046ms] [LOG] [Fast Refresh] done in 189ms @ http://localhost:3000/_next/static/chunks/0yxc_next_dist_0pl2blc._.js:2431
[11728799ms] [LOG] [Fast Refresh] rebuilding @ http://localhost:3000/_next/static/chunks/0yxc_next_dist_0pl2blc._.js:2431
[11729021ms] [LOG] [Fast Refresh] done in 336ms @ http://localhost:3000/_next/static/chunks/0yxc_next_dist_0pl2blc._.js:2431
[11776123ms] [LOG] [Fast Refresh] rebuilding @ http://localhost:3000/_next/static/chunks/0yxc_next_dist_0pl2blc._.js:2431
[11779576ms] [LOG] [Fast Refresh] done in 3374ms @ http://localhost:3000/_next/static/chunks/0yxc_next_dist_0pl2blc._.js:2431
[11780106ms] [LOG] [Fast Refresh] rebuilding @ http://localhost:3000/_next/static/chunks/0yxc_next_dist_0pl2blc._.js:2431
[11780161ms] [LOG] [Fast Refresh] done in 161ms @ http://localhost:3000/_next/static/chunks/0yxc_next_dist_0pl2blc._.js:2431
[11780408ms] [LOG] [Fast Refresh] rebuilding @ http://localhost:3000/_next/static/chunks/0yxc_next_dist_0pl2blc._.js:2431
[11780420ms] [LOG] [Fast Refresh] done in 112ms @ http://localhost:3000/_next/static/chunks/0yxc_next_dist_0pl2blc._.js:2431
[12152362ms] [LOG] [Fast Refresh] rebuilding @ http://localhost:3000/_next/static/chunks/0yxc_next_dist_0pl2blc._.js:2431
[12152387ms] [LOG] [Fast Refresh] done in 138ms @ http://localhost:3000/_next/static/chunks/0yxc_next_dist_0pl2blc._.js:2431
[12152513ms] [LOG] [Fast Refresh] rebuilding @ http://localhost:3000/_next/static/chunks/0yxc_next_dist_0pl2blc._.js:2431
[12152611ms] [LOG] [Fast Refresh] done in 208ms @ http://localhost:3000/_next/static/chunks/0yxc_next_dist_0pl2blc._.js:2431
[12152863ms] [LOG] [Fast Refresh] rebuilding @ http://localhost:3000/_next/static/chunks/0yxc_next_dist_0pl2blc._.js:2431
[12152887ms] [LOG] [Fast Refresh] done in 133ms @ http://localhost:3000/_next/static/chunks/0yxc_next_dist_0pl2blc._.js:2431
[12157362ms] [LOG] [Fast Refresh] rebuilding @ http://localhost:3000/_next/static/chunks/0yxc_next_dist_0pl2blc._.js:2431
[12165670ms] [LOG] [Fast Refresh] done in 8411ms @ http://localhost:3000/_next/static/chunks/0yxc_next_dist_0pl2blc._.js:2431
[12171251ms] [LOG] [Fast Refresh] rebuilding @ http://localhost:3000/_next/static/chunks/0yxc_next_dist_0pl2blc._.js:2431
[12171281ms] [LOG] [Fast Refresh] done in 133ms @ http://localhost:3000/_next/static/chunks/0yxc_next_dist_0pl2blc._.js:2431
[12171429ms] [LOG] [Fast Refresh] rebuilding @ http://localhost:3000/_next/static/chunks/0yxc_next_dist_0pl2blc._.js:2431
[12171447ms] [LOG] [Fast Refresh] done in 131ms @ http://localhost:3000/_next/static/chunks/0yxc_next_dist_0pl2blc._.js:2431
[12171788ms] [LOG] [Fast Refresh] rebuilding @ http://localhost:3000/_next/static/chunks/0yxc_next_dist_0pl2blc._.js:2431
[12171999ms] [LOG] [Fast Refresh] done in 314ms @ http://localhost:3000/_next/static/chunks/0yxc_next_dist_0pl2blc._.js:2431
[12172186ms] [LOG] [Fast Refresh] rebuilding @ http://localhost:3000/_next/static/chunks/0yxc_next_dist_0pl2blc._.js:2431
[12172187ms] [LOG] [Fast Refresh] done in 101ms @ http://localhost:3000/_next/static/chunks/0yxc_next_dist_0pl2blc._.js:2431
[12180063ms] [LOG] [Fast Refresh] rebuilding @ http://localhost:3000/_next/static/chunks/0yxc_next_dist_0pl2blc._.js:2431
[12180082ms] [LOG] [Fast Refresh] done in 152ms @ http://localhost:3000/_next/static/chunks/0yxc_next_dist_0pl2blc._.js:2431
[12180283ms] [LOG] [Fast Refresh] rebuilding @ http://localhost:3000/_next/static/chunks/0yxc_next_dist_0pl2blc._.js:2431
[12180331ms] [LOG] [Fast Refresh] done in 152ms @ http://localhost:3000/_next/static/chunks/0yxc_next_dist_0pl2blc._.js:2431
[12183794ms] [LOG] [Fast Refresh] rebuilding @ http://localhost:3000/_next/static/chunks/0yxc_next_dist_0pl2blc._.js:2431
[12183816ms] [LOG] [Fast Refresh] done in 137ms @ http://localhost:3000/_next/static/chunks/0yxc_next_dist_0pl2blc._.js:2431
[12184091ms] [LOG] [Fast Refresh] rebuilding @ http://localhost:3000/_next/static/chunks/0yxc_next_dist_0pl2blc._.js:2431
[12184126ms] [LOG] [Fast Refresh] done in 143ms @ http://localhost:3000/_next/static/chunks/0yxc_next_dist_0pl2blc._.js:2431
[12184360ms] [LOG] [Fast Refresh] rebuilding @ http://localhost:3000/_next/static/chunks/0yxc_next_dist_0pl2blc._.js:2431
[12184415ms] [LOG] [Fast Refresh] done in 156ms @ http://localhost:3000/_next/static/chunks/0yxc_next_dist_0pl2blc._.js:2431
[12184833ms] [LOG] [Fast Refresh] rebuilding @ http://localhost:3000/_next/static/chunks/0yxc_next_dist_0pl2blc._.js:2431
[12184879ms] [LOG] [Fast Refresh] done in 152ms @ http://localhost:3000/_next/static/chunks/0yxc_next_dist_0pl2blc._.js:2431
[12185075ms] [LOG] [Fast Refresh] rebuilding @ http://localhost:3000/_next/static/chunks/0yxc_next_dist_0pl2blc._.js:2431
[12185132ms] [LOG] [Fast Refresh] done in 157ms @ http://localhost:3000/_next/static/chunks/0yxc_next_dist_0pl2blc._.js:2431
[12185341ms] [LOG] [Fast Refresh] rebuilding @ http://localhost:3000/_next/static/chunks/0yxc_next_dist_0pl2blc._.js:2431
[12185347ms] [LOG] [Fast Refresh] done in 114ms @ http://localhost:3000/_next/static/chunks/0yxc_next_dist_0pl2blc._.js:2431
[12185576ms] [LOG] [Fast Refresh] rebuilding @ http://localhost:3000/_next/static/chunks/0yxc_next_dist_0pl2blc._.js:2431
[12185649ms] [LOG] [Fast Refresh] done in 188ms @ http://localhost:3000/_next/static/chunks/0yxc_next_dist_0pl2blc._.js:2431
[12187341ms] [LOG] [Fast Refresh] rebuilding @ http://localhost:3000/_next/static/chunks/0yxc_next_dist_0pl2blc._.js:2431
[12187370ms] [LOG] [Fast Refresh] done in 139ms @ http://localhost:3000/_next/static/chunks/0yxc_next_dist_0pl2blc._.js:2431
[12224485ms] [LOG] [Fast Refresh] rebuilding @ http://localhost:3000/_next/static/chunks/0yxc_next_dist_0pl2blc._.js:2431
[12227169ms] [LOG] [Fast Refresh] done in 2770ms @ http://localhost:3000/_next/static/chunks/0yxc_next_dist_0pl2blc._.js:2431
[12270458ms] [LOG] [Fast Refresh] rebuilding @ http://localhost:3000/_next/static/chunks/0yxc_next_dist_0pl2blc._.js:2431
[12270563ms] [LOG] [Fast Refresh] done in 210ms @ http://localhost:3000/_next/static/chunks/0yxc_next_dist_0pl2blc._.js:2431
[12270676ms] [LOG] [Fast Refresh] rebuilding @ http://localhost:3000/_next/static/chunks/0yxc_next_dist_0pl2blc._.js:2431
[12274702ms] [LOG] [Fast Refresh] done in 4033ms @ http://localhost:3000/_next/static/chunks/0yxc_next_dist_0pl2blc._.js:2431
[12275359ms] [LOG] [Fast Refresh] rebuilding @ http://localhost:3000/_next/static/chunks/0yxc_next_dist_0pl2blc._.js:2431
[12275432ms] [LOG] [Fast Refresh] done in 182ms @ http://localhost:3000/_next/static/chunks/0yxc_next_dist_0pl2blc._.js:2431
[12275803ms] [LOG] [Fast Refresh] rebuilding @ http://localhost:3000/_next/static/chunks/0yxc_next_dist_0pl2blc._.js:2431
[12275917ms] [LOG] [Fast Refresh] done in 219ms @ http://localhost:3000/_next/static/chunks/0yxc_next_dist_0pl2blc._.js:2431
[12386042ms] [LOG] [Fast Refresh] rebuilding @ http://localhost:3000/_next/static/chunks/0yxc_next_dist_0pl2blc._.js:2431
[12386144ms] [LOG] [Fast Refresh] done in 211ms @ http://localhost:3000/_next/static/chunks/0yxc_next_dist_0pl2blc._.js:2431
[12399375ms] [LOG] [Fast Refresh] rebuilding @ http://localhost:3000/_next/static/chunks/0yxc_next_dist_0pl2blc._.js:2431
[12404065ms] [LOG] [Fast Refresh] done in 4782ms @ http://localhost:3000/_next/static/chunks/0yxc_next_dist_0pl2blc._.js:2431
[12430603ms] [LOG] [Fast Refresh] rebuilding @ http://localhost:3000/_next/static/chunks/0yxc_next_dist_0pl2blc._.js:2431
[12437557ms] [LOG] [Fast Refresh] done in 7066ms @ http://localhost:3000/_next/static/chunks/0yxc_next_dist_0pl2blc._.js:2431
[12439877ms] [LOG] [Fast Refresh] rebuilding @ http://localhost:3000/_next/static/chunks/0yxc_next_dist_0pl2blc._.js:2431
[12440705ms] [LOG] [Fast Refresh] done in 934ms @ http://localhost:3000/_next/static/chunks/0yxc_next_dist_0pl2blc._.js:2431
[12953942ms] [LOG] [Fast Refresh] rebuilding @ http://localhost:3000/_next/static/chunks/0yxc_next_dist_0pl2blc._.js:2431
[12954143ms] [LOG] [Fast Refresh] done in 303ms @ http://localhost:3000/_next/static/chunks/0yxc_next_dist_0pl2blc._.js:2431
[12954668ms] [LOG] [Fast Refresh] rebuilding @ http://localhost:3000/_next/static/chunks/0yxc_next_dist_0pl2blc._.js:2431
[12954710ms] [LOG] [Fast Refresh] done in 147ms @ http://localhost:3000/_next/static/chunks/0yxc_next_dist_0pl2blc._.js:2431
[12959416ms] [LOG] [Fast Refresh] rebuilding @ http://localhost:3000/_next/static/chunks/0yxc_next_dist_0pl2blc._.js:2431
[12959521ms] [LOG] [Fast Refresh] done in 214ms @ http://localhost:3000/_next/static/chunks/0yxc_next_dist_0pl2blc._.js:2431
[12959781ms] [LOG] [Fast Refresh] rebuilding @ http://localhost:3000/_next/static/chunks/0yxc_next_dist_0pl2blc._.js:2431
[12959789ms] [LOG] [Fast Refresh] done in 116ms @ http://localhost:3000/_next/static/chunks/0yxc_next_dist_0pl2blc._.js:2431
[12960023ms] [LOG] [Fast Refresh] rebuilding @ http://localhost:3000/_next/static/chunks/0yxc_next_dist_0pl2blc._.js:2431
[12960089ms] [LOG] [Fast Refresh] done in 174ms @ http://localhost:3000/_next/static/chunks/0yxc_next_dist_0pl2blc._.js:2431
[12960389ms] [LOG] [Fast Refresh] rebuilding @ http://localhost:3000/_next/static/chunks/0yxc_next_dist_0pl2blc._.js:2431
[12960449ms] [LOG] [Fast Refresh] done in 161ms @ http://localhost:3000/_next/static/chunks/0yxc_next_dist_0pl2blc._.js:2431
[12974239ms] [LOG] [Fast Refresh] rebuilding @ http://localhost:3000/_next/static/chunks/0yxc_next_dist_0pl2blc._.js:2431
[12974248ms] [LOG] [Fast Refresh] done in 111ms @ http://localhost:3000/_next/static/chunks/0yxc_next_dist_0pl2blc._.js:2431
[12974456ms] [LOG] [Fast Refresh] rebuilding @ http://localhost:3000/_next/static/chunks/0yxc_next_dist_0pl2blc._.js:2431
[12974467ms] [LOG] [Fast Refresh] done in 114ms @ http://localhost:3000/_next/static/chunks/0yxc_next_dist_0pl2blc._.js:2431
