[     525ms] [LOG] [Fast Refresh] done in 1312ms @ http://localhost:3000/_next/static/chunks/0yxc_next_dist_0pl2blc._.js:2431
[     827ms] [LOG] [Fast Refresh] rebuilding @ http://localhost:3000/_next/static/chunks/0yxc_next_dist_0pl2blc._.js:2431
[    5368ms] [LOG] [Fast Refresh] done in 4647ms @ http://localhost:3000/_next/static/chunks/0yxc_next_dist_0pl2blc._.js:2431
[    6278ms] [INFO] %cDownload the React DevTools for a better development experience: https://react.dev/link/react-devtools font-weight:bold @ http://localhost:3000/_next/static/chunks/0yxc_next_dist_0pl2blc._.js:2431
[    6399ms] [LOG] [HMR] connected @ http://localhost:3000/_next/static/chunks/0yxc_next_dist_0pl2blc._.js:2431
[    7043ms] [WARNING] GSAP target .hero-eyebrow not found. https://gsap.com @ http://localhost:3000/_next/static/chunks/0yxc_next_dist_0pl2blc._.js:2431
[    7045ms] [WARNING] GSAP target  not found. https://gsap.com @ http://localhost:3000/_next/static/chunks/0yxc_next_dist_0pl2blc._.js:2431
[    7058ms] [WARNING] GSAP target .hero-meta not found. https://gsap.com @ http://localhost:3000/_next/static/chunks/0yxc_next_dist_0pl2blc._.js:2431
[    7060ms] [WARNING] GSAP target  not found. https://gsap.com @ http://localhost:3000/_next/static/chunks/0yxc_next_dist_0pl2blc._.js:2431
[    7063ms] [WARNING] GSAP target .hero-stamp not found. https://gsap.com @ http://localhost:3000/_next/static/chunks/0yxc_next_dist_0pl2blc._.js:2431
[    7064ms] [WARNING] GSAP target  not found. https://gsap.com @ http://localhost:3000/_next/static/chunks/0yxc_next_dist_0pl2blc._.js:2431
[    7249ms] [LOG] [Fast Refresh] rebuilding @ http://localhost:3000/_next/static/chunks/0yxc_next_dist_0pl2blc._.js:2431
[    7646ms] [LOG] [Fast Refresh] done in 498ms @ http://localhost:3000/_next/static/chunks/0yxc_next_dist_0pl2blc._.js:2431
[    7934ms] [LOG] [Fast Refresh] rebuilding @ http://localhost:3000/_next/static/chunks/0yxc_next_dist_0pl2blc._.js:2431
[    9465ms] [LOG] [Fast Refresh] done in 1632ms @ http://localhost:3000/_next/static/chunks/0yxc_next_dist_0pl2blc._.js:2431
[    9633ms] [LOG] [Fast Refresh] rebuilding @ http://localhost:3000/_next/static/chunks/0yxc_next_dist_0pl2blc._.js:2431
[    9646ms] [LOG] [Fast Refresh] done in 114ms @ http://localhost:3000/_next/static/chunks/0yxc_next_dist_0pl2blc._.js:2431
[   17179ms] [LOG] [Fast Refresh] rebuilding @ http://localhost:3000/_next/static/chunks/0yxc_next_dist_0pl2blc._.js:2431
[   18692ms] [LOG] [Fast Refresh] done in 1613ms @ http://localhost:3000/_next/static/chunks/0yxc_next_dist_0pl2blc._.js:2431
[   30596ms] [LOG] [Fast Refresh] rebuilding @ http://localhost:3000/_next/static/chunks/0yxc_next_dist_0pl2blc._.js:2431
[   30666ms] [LOG] [Fast Refresh] done in 178ms @ http://localhost:3000/_next/static/chunks/0yxc_next_dist_0pl2blc._.js:2431
[   74910ms] [LOG] [Fast Refresh] rebuilding @ http://localhost:3000/_next/static/chunks/0yxc_next_dist_0pl2blc._.js:2431
[   76054ms] [LOG] [Fast Refresh] done in 1253ms @ http://localhost:3000/_next/static/chunks/0yxc_next_dist_0pl2blc._.js:2431
[   76361ms] [LOG] [Fast Refresh] rebuilding @ http://localhost:3000/_next/static/chunks/0yxc_next_dist_0pl2blc._.js:2431
[   76373ms] [LOG] [Fast Refresh] done in 117ms @ http://localhost:3000/_next/static/chunks/0yxc_next_dist_0pl2blc._.js:2431
[   76611ms] [LOG] [Fast Refresh] rebuilding @ http://localhost:3000/_next/static/chunks/0yxc_next_dist_0pl2blc._.js:2431
[   76634ms] [LOG] [Fast Refresh] done in 131ms @ http://localhost:3000/_next/static/chunks/0yxc_next_dist_0pl2blc._.js:2431
[   78293ms] [LOG] [Fast Refresh] rebuilding @ http://localhost:3000/_next/static/chunks/0yxc_next_dist_0pl2blc._.js:2431
[   79217ms] [LOG] [Fast Refresh] done in 1028ms @ http://localhost:3000/_next/static/chunks/0yxc_next_dist_0pl2blc._.js:2431
[   79677ms] [LOG] [Fast Refresh] rebuilding @ http://localhost:3000/_next/static/chunks/0yxc_next_dist_0pl2blc._.js:2431
[   79679ms] [LOG] [Fast Refresh] done in 118ms @ http://localhost:3000/_next/static/chunks/0yxc_next_dist_0pl2blc._.js:2431
[   79863ms] [LOG] [Fast Refresh] rebuilding @ http://localhost:3000/_next/static/chunks/0yxc_next_dist_0pl2blc._.js:2431
[   79868ms] [LOG] [Fast Refresh] done in 113ms @ http://localhost:3000/_next/static/chunks/0yxc_next_dist_0pl2blc._.js:2431
[   79986ms] [LOG] [Fast Refresh] rebuilding @ http://localhost:3000/_next/static/chunks/0yxc_next_dist_0pl2blc._.js:2431
[   79986ms] [LOG] [Fast Refresh] done in 101ms @ http://localhost:3000/_next/static/chunks/0yxc_next_dist_0pl2blc._.js:2431
[   84111ms] [LOG] [Fast Refresh] rebuilding @ http://localhost:3000/_next/static/chunks/0yxc_next_dist_0pl2blc._.js:2431
[   84121ms] [LOG] [Fast Refresh] done in 124ms @ http://localhost:3000/_next/static/chunks/0yxc_next_dist_0pl2blc._.js:2431
[   84471ms] [LOG] [Fast Refresh] rebuilding @ http://localhost:3000/_next/static/chunks/0yxc_next_dist_0pl2blc._.js:2431
[   84737ms] [LOG] [Fast Refresh] done in 377ms @ http://localhost:3000/_next/static/chunks/0yxc_next_dist_0pl2blc._.js:2431
[   84851ms] [LOG] [Fast Refresh] rebuilding @ http://localhost:3000/_next/static/chunks/0yxc_next_dist_0pl2blc._.js:2431
[   84965ms] [LOG] [Fast Refresh] done in 219ms @ http://localhost:3000/_next/static/chunks/0yxc_next_dist_0pl2blc._.js:2431
[   85071ms] [LOG] [Fast Refresh] rebuilding @ http://localhost:3000/_next/static/chunks/0yxc_next_dist_0pl2blc._.js:2431
[   85228ms] [LOG] [Fast Refresh] done in 263ms @ http://localhost:3000/_next/static/chunks/0yxc_next_dist_0pl2blc._.js:2431
[   85694ms] [LOG] [Fast Refresh] rebuilding @ http://localhost:3000/_next/static/chunks/0yxc_next_dist_0pl2blc._.js:2431
[   85887ms] [LOG] [Fast Refresh] done in 299ms @ http://localhost:3000/_next/static/chunks/0yxc_next_dist_0pl2blc._.js:2431
[   86009ms] [LOG] [Fast Refresh] rebuilding @ http://localhost:3000/_next/static/chunks/0yxc_next_dist_0pl2blc._.js:2431
[   86040ms] [LOG] [Fast Refresh] done in 141ms @ http://localhost:3000/_next/static/chunks/0yxc_next_dist_0pl2blc._.js:2431
[   86311ms] [LOG] [Fast Refresh] rebuilding @ http://localhost:3000/_next/static/chunks/0yxc_next_dist_0pl2blc._.js:2431
[   86385ms] [LOG] [Fast Refresh] done in 181ms @ http://localhost:3000/_next/static/chunks/0yxc_next_dist_0pl2blc._.js:2431
[   86542ms] [LOG] [Fast Refresh] rebuilding @ http://localhost:3000/_next/static/chunks/0yxc_next_dist_0pl2blc._.js:2431
[   86603ms] [LOG] [Fast Refresh] done in 170ms @ http://localhost:3000/_next/static/chunks/0yxc_next_dist_0pl2blc._.js:2431
[   86749ms] [LOG] [Fast Refresh] rebuilding @ http://localhost:3000/_next/static/chunks/0yxc_next_dist_0pl2blc._.js:2431
[   86755ms] [LOG] [Fast Refresh] done in 116ms @ http://localhost:3000/_next/static/chunks/0yxc_next_dist_0pl2blc._.js:2431
[   86968ms] [LOG] [Fast Refresh] rebuilding @ http://localhost:3000/_next/static/chunks/0yxc_next_dist_0pl2blc._.js:2431
